"../../../Engine/Content/Functions/Engine_MaterialFunctions01/Opacity/CameraDepthFade.uasset" 0
"../../../Engine/Content/EngineMaterials/T_Default_Material_Grid_M.uasset" 1
"../../../Engine/Content/EngineMaterials/T_Default_Material_Grid_N.uasset" 2
"../../../Engine/Content/EngineMaterials/WorldGridMaterial.uasset" 3
"../../../Engine/Content/ArtTools/RenderToTexture/Meshes/S_1_Unit_Plane.uasset" 4
"../../../Engine/Content/EngineMaterials/DefaultMaterial.uasset" 5
"../../../Engine/Content/BasicShapes/Cone.uasset" 6
"../../../Engine/Content/BasicShapes/Cube.uasset" 7
"../../../Engine/Content/BasicShapes/Cylinder.uasset" 8
"../../../Engine/Content/BasicShapes/Plane.uasset" 9
"../../../Engine/Content/EditorLandscapeResources/DataLayer.uasset" 10
"../../../Engine/Content/EditorMaterials/GizmoMaterial.uasset" 11
"../../../Engine/Content/EditorMaterials/MAT_Groups_Toggle.uasset" 12
"../../../Engine/Content/EditorMaterials/MAT_Groups_Visibility.uasset" 13
"../../../Engine/Content/EditorMaterials/PreviewShadowIndicator.uasset" 14
"../../../Engine/Content/EditorMaterials/PreviewShadowIndicatorMaterial.uasset" 15
"../../../Engine/Content/EditorMaterials/MatineeGroups/MAT_ColorTrack.uasset" 16
"../../../Engine/Content/EditorMaterials/MatineeGroups/MAT_Groups_Anim.uasset" 17
"../../../Engine/Content/EditorMaterials/MatineeGroups/MAT_Groups_AudioMaster.uasset" 18
"../../../Engine/Content/EditorMaterials/MatineeGroups/MAT_Groups_Director.uasset" 19
"../../../Engine/Content/EditorMaterials/MatineeGroups/MAT_Groups_Event.uasset" 20
"../../../Engine/Content/EditorMaterials/MatineeGroups/MAT_Groups_Fade.uasset" 21
"../../../Engine/Content/EditorMaterials/MatineeGroups/MAT_Groups_Float.uasset" 22
"../../../Engine/Content/EditorMaterials/MatineeGroups/MAT_Groups_Move.uasset" 23
"../../../Engine/Content/EditorMaterials/MatineeGroups/MAT_Groups_Slomo.uasset" 24
"../../../Engine/Content/EditorMaterials/MatineeGroups/MAT_Groups_Sound.uasset" 25
"../../../Engine/Content/EditorMaterials/MatineeGroups/MAT_Groups_Vector.uasset" 26
"../../../Engine/Content/EditorMaterials/ParticleSystems/PSysThumbnail_NoImage.uasset" 27
"../../../Engine/Content/EditorMaterials/ParticleSystems/PSysThumbnail_OOD.uasset" 28
"../../../Engine/Content/EditorMaterials/Camera/CineMat.uasset" 29
"../../../Engine/Content/EditorMaterials/Camera/MI_CineMat_Rig.uasset" 30
"../../../Engine/Content/EditorMeshes/Camera/SM_CraneRig_Arm.uasset" 31
"../../../Engine/Content/EditorMeshes/Camera/SM_CraneRig_Base.uasset" 32
"../../../Engine/Content/EditorMeshes/Camera/SM_CraneRig_Body.uasset" 33
"../../../Engine/Content/EditorMeshes/Camera/SM_CraneRig_Mount.uasset" 34
"../../../Engine/Content/EditorMeshes/Camera/SM_RailRig_Mount.uasset" 35
"../../../Engine/Content/EditorMeshes/Camera/SM_RailRig_Track.uasset" 36
"../../../Engine/Content/EditorResources/BSPVertex.uasset" 37
"../../../Engine/Content/EditorResources/EmptyActor.uasset" 38
"../../../Engine/Content/EditorResources/S_Actor.uasset" 39
"../../../Engine/Content/EditorResources/S_Trigger.uasset" 40
"../../../Engine/Content/EditorResources/LightIcons/S_LightError.uasset" 41
"../../../Engine/Content/EditorResources/SequenceRecorder/Countdown.uasset" 42
"../../../Engine/Content/EditorResources/SequenceRecorder/RecordingIndicator.uasset" 43
"../../../Engine/Content/EditorSounds/Notifications/CompileFailed.uasset" 44
"../../../Engine/Content/EditorSounds/Notifications/CompileFailed_Cue.uasset" 45
"../../../Engine/Content/EditorSounds/Notifications/CompileSuccess.uasset" 46
"../../../Engine/Content/EditorSounds/Notifications/CompileStart_Cue.uasset" 47
"../../../Engine/Content/EditorSounds/Notifications/CompileSuccess_Cue.uasset" 48
"../../../Engine/Content/EngineDamageTypes/DmgTypeBP_Environmental.uasset" 49
"../../../Engine/Content/EngineDebugMaterials/HeatmapGradient.uasset" 50
"../../../Engine/Content/EngineDebugMaterials/BoneWeightMaterial.uasset" 51
"../../../Engine/Content/EngineDebugMaterials/ClothMaterial.uasset" 52
"../../../Engine/Content/EngineDebugMaterials/ClothMaterial_WF.uasset" 53
"../../../Engine/Content/EngineDebugMaterials/DebugEditorMaterial.uasset" 54
"../../../Engine/Content/EngineDebugMaterials/DebugMeshMaterial.uasset" 55
"../../../Engine/Content/EngineDebugMaterials/GeomMaterial.uasset" 56
"../../../Engine/Content/EngineDebugMaterials/M_SimpleTranslucent.uasset" 57
"../../../Engine/Content/EngineFonts/Faces/RobotoBold.uasset" 58
"../../../Engine/Content/EngineFonts/Faces/RobotoBoldItalic.uasset" 59
"../../../Engine/Content/EngineFonts/Faces/RobotoItalic.uasset" 60
"../../../Engine/Content/EngineFonts/Faces/RobotoLight.uasset" 61
"../../../Engine/Content/EngineFonts/Faces/RobotoRegular.uasset" 62
"../../../Engine/Content/EngineFonts/Roboto.uasset" 63
"../../../Engine/Content/EngineFonts/Faces/RobotoTiny.uasset" 64
"../../../Engine/Content/EngineFonts/RobotoTiny.uasset" 65
"../../../Engine/Content/EngineMaterials/BaseFlattenDiffuseMap.uasset" 66
"../../../Engine/Content/EngineMaterials/BaseFlattenEmissiveMap.uasset" 67
"../../../Engine/Content/EngineMaterials/BaseFlattenGrayscaleMap.uasset" 68
"../../../Engine/Content/EngineMaterials/BaseFlattenNormalMap.uasset" 69
"../../../Engine/Content/EngineMaterials/BaseFlattenMaterial.uasset" 70
"../../../Engine/Content/EngineMaterials/DefaultBloomKernel.uasset" 71
"../../../Engine/Content/EngineMaterials/DefaultBokeh.uasset" 72
"../../../Engine/Content/EngineMaterials/DefaultDiffuse.uasset" 73
"../../../Engine/Content/EngineMaterials/DefaultDeferredDecalMaterial.uasset" 74
"../../../Engine/Content/EngineMaterials/DefaultLightFunctionMaterial.uasset" 75
"../../../Engine/Content/EngineMaterials/DefaultPhysicalMaterial.uasset" 76
"../../../Engine/Content/Functions/Engine_MaterialFunctions02/Utility/BreakOutFloat2Components.uasset" 77
"../../../Engine/Content/EngineMaterials/DefaultPostProcessMaterial.uasset" 78
"../../../Engine/Content/EngineFonts/RobotoDistanceField.uasset" 79
"../../../Engine/Content/EngineMaterials/DefaultTextMaterialOpaque.uasset" 80
"../../../Engine/Content/EngineMaterials/DefaultWhiteGrid.uasset" 81
"../../../Engine/Content/EngineMaterials/EditorBrushMaterial.uasset" 82
"../../../Engine/Content/EngineMaterials/Good64x64TilingNoiseHighFreq.uasset" 83
"../../../Engine/Content/EngineMaterials/MiniFont.uasset" 84
"../../../Engine/Content/EngineMaterials/InvalidLightmapSettings.uasset" 85
"../../../Engine/Content/EngineMaterials/M_InvalidLightmapSettings.uasset" 86
"../../../Engine/Content/Functions/Engine_MaterialFunctions02/WorldPositionOffset/CameraOffset.uasset" 87
"../../../Engine/Content/EngineMaterials/PhAT_JointLimitMaterial.uasset" 88
"../../../Engine/Content/EngineMaterials/PreintegratedSkinBRDF.uasset" 89
"../../../Engine/Content/EngineMaterials/RemoveSurfaceMaterial.uasset" 90
"../../../Engine/Content/EngineMaterials/WeightMapPlaceholderTexture.uasset" 91
"../../../Engine/Content/EngineResources/WhiteSquareTexture.uasset" 92
"../../../Engine/Content/EngineMaterials/Widget3DPassThrough.uasset" 93
"../../../Engine/Content/EngineMaterials/Widget3DPassThrough_Masked.uasset" 94
"../../../Engine/Content/EngineMaterials/Widget3DPassThrough_Opaque.uasset" 95
"../../../Engine/Content/EngineMaterials/Widget3DPassThrough_Masked_OneSided.uasset" 96
"../../../Engine/Content/EngineMaterials/Widget3DPassThrough_Opaque_OneSided.uasset" 97
"../../../Engine/Content/EngineMaterials/Widget3DPassThrough_Translucent.uasset" 98
"../../../Engine/Content/EngineMaterials/Widget3DPassThrough_Translucent_OneSided.uasset" 99
"../../../Engine/Content/EngineMeshes/Cylinder.uasset" 100
"../../../Engine/Content/EngineMeshes/Sphere.uasset" 101
"../../../Engine/Content/EngineResources/Black.uasset" 102
"../../../Engine/Content/EngineResources/DefaultTexture.uasset" 103
"../../../Engine/Content/EngineResources/DefaultTextureCube.uasset" 104
"../../../Engine/Content/EngineResources/DefaultVolumeTexture2D.uasset" 105
"../../../Engine/Content/EngineResources/DefaultVolumeTexture.uasset" 106
"../../../Engine/Content/EngineResources/GradientTexture0.uasset" 107
"../../../Engine/Content/EngineSounds/Master.uasset" 108
"../../../Engine/Content/Functions/Engine_MaterialFunctions01/Shading/ConvertFromDiffSpec.uasset" 109
"../../../Engine/Content/Functions/Engine_MaterialFunctions01/Shading/PowerToRoughness.uasset" 110
"../../../Engine/Content/Maps/Templates/Thumbnails/Default.uasset" 111
"../../../Engine/Content/Maps/Templates/Thumbnails/VR-Basic.uasset" 112
"../../../Engine/Content/MobileResources/T_MobileControls_texture.uasset" 113
"../../../Engine/Content/MobileResources/T_MobileMenu2.uasset" 114
"../../../Engine/Content/MobileResources/HUD/AnalogHat.uasset" 115
"../../../Engine/Content/MobileResources/HUD/VirtualJoystick_Background.uasset" 116
"../../../Engine/Content/MobileResources/HUD/VirtualJoystick_Thumb.uasset" 117
"../../../Engine/Content/MobileResources/HUD/DefaultVirtualJoysticks.uasset" 118
"../../../Engine/Content/MobileResources/HUD/LeftVirtualJoystickOnly.uasset" 119
"../../../Engine/Content/MobileResources/HUD/MobileHUDButton1_off.uasset" 120
"../../../Engine/Content/MobileResources/HUD/MobileHUDButton1_on.uasset" 121
"../../../Engine/Content/MobileResources/HUD/MobileHUDButton2_off.uasset" 122
"../../../Engine/Content/MobileResources/HUD/MobileHUDButton2_on.uasset" 123
"../../../Engine/Content/MobileResources/HUD/MobileHUDButton3.uasset" 124
"../../../Engine/Content/MobileResources/HUD/MobileHUDButtonFire.uasset" 125
"../../../Engine/Content/MobileResources/HUD/MobileHUDDirectionPad.uasset" 126
"../../../Engine/Content/MobileResources/HUD/MobileHUDDirectionPad2.uasset" 127
"../../../Engine/Content/MobileResources/HUD/MobileHUDDirectionPad3.uasset" 128
"../../../Engine/Content/MobileResources/HUD/MobileHUDDirectionStick.uasset" 129
"../../../Engine/Content/MobileResources/HUD/T_Castle_ThumbstickInner.uasset" 130
"../../../Engine/Content/MobileResources/HUD/T_Castle_ThumbstickOutter.uasset" 131
"../../../Engine/Content/Tutorial/ContentIntroCurve.uasset" 132
"../../../Engine/Content/VREditor/LaserPointer/VR_LaserPower_01.uasset" 133
"../../../Engine/Content/VREditor/TransformGizmo/TransformGizmoMaterial.uasset" 134
"../../../Engine/Content/VREditor/TransformGizmo/TranslucentTransformGizmoMaterial.uasset" 135
"../../../Engine/Content/VREditor/TransformGizmo/BoundingBoxCorner.uasset" 136
"../../../Engine/Content/VREditor/TransformGizmo/BoundingBoxEdge.uasset" 137
"../../../Engine/Content/VREditor/TransformGizmo/PlaneTranslationHandle.uasset" 138
"../../../Engine/Content/VREditor/TransformGizmo/Main.uasset" 139
"../../../Engine/Content/VREditor/TransformGizmo/Xray.uasset" 140
"../../../Engine/Content/VREditor/TransformGizmo/SM_Sequencer_Key.uasset" 141
"../../../Engine/Content/VREditor/TransformGizmo/SM_Sequencer_Node.uasset" 142
"../../Plugins/2D/Paper2D/Content/PlaceholderTextures/DummySpriteTexture.uasset" 143
"../../Plugins/2D/Paper2D/Content/DummySprite.uasset" 144
"../../Plugins/2D/Paper2D/Content/DefaultPaperTerrainMaterial.uasset" 145
"../../Plugins/2D/Paper2D/Content/DefaultSpriteMaterial.uasset" 146
"../../Plugins/2D/Paper2D/Content/MaskedUnlitSpriteMaterial.uasset" 147
"../../Plugins/2D/Paper2D/Content/OpaqueUnlitSpriteMaterial.uasset" 148
"../../Plugins/Runtime/Oculus/OculusVR/Content/Materials/PokeAHoleMaterial.uasset" 149
"../../Plugins/Runtime/Oculus/OculusVR/Content/Textures/GearVRController_AO.uasset" 150
"../../Plugins/Runtime/Oculus/OculusVR/Content/Textures/GearVRController_Color.uasset" 151
"../../Plugins/Runtime/Oculus/OculusVR/Content/Textures/GearVRController_Normal.uasset" 152
"../../Plugins/Runtime/Oculus/OculusVR/Content/Materials/GearVRControllerMaterial.uasset" 153
"../../Plugins/Runtime/Oculus/OculusVR/Content/Meshes/GearVrController.uasset" 154
"../../Plugins/Runtime/Oculus/OculusVR/Content/Textures/touchController_albedo.uasset" 155
"../../Plugins/Runtime/Oculus/OculusVR/Content/Textures/touchController_controlmap.uasset" 156
"../../Plugins/Runtime/Oculus/OculusVR/Content/Materials/touchController_mat.uasset" 157
"../../Plugins/Runtime/Oculus/OculusVR/Content/Meshes/LeftTouchController.uasset" 158
"../../Plugins/Runtime/Oculus/OculusVR/Content/Meshes/RiftHMD.uasset" 159
"../../Plugins/Runtime/Oculus/OculusVR/Content/Meshes/RightTouchController.uasset" 160
"../../../../../../Users/Alexis/Downloads/pv/PavlovTemplate/Plugins/CustomMapTools/Content/Materials/M_EditorMesh.uasset" 161
"../../../../../../Users/Alexis/Downloads/pv/PavlovTemplate/Plugins/CustomMapTools/Content/Meshes/SM_Bomb_Plant_01.uasset" 162
"../../../Engine/Content/EditorBlueprintResources/StandardMacros.uasset" 163
"../../../Engine/Content/EngineSky/C_Sky_Cloud_Color.uasset" 164
"../../../Engine/Content/EngineSky/C_Sky_Horizon_Color.uasset" 165
"../../../Engine/Content/EngineSky/C_Sky_Zenith_Color.uasset" 166
"../../../Engine/Content/EngineSky/T_Sky_Blue.uasset" 167
"../../../Engine/Content/EngineSky/T_Sky_Clouds_M.uasset" 168
"../../../Engine/Content/EngineSky/T_Sky_Stars.uasset" 169
"../../../Engine/Content/EngineSky/M_Sky_Panning_Clouds2.uasset" 170
"../../../Engine/Content/EngineSky/SM_SkySphere.uasset" 171
"../../../Engine/Content/EngineSky/BP_Sky_Sphere.uasset" 172
"../../../../../../Users/Alexis/Downloads/pv/PavlovTemplate/Content/CustomMaps/UGC1765910949/Troubles_BuiltData.uasset" 173
"../../../../../../Users/Alexis/Downloads/pv/PavlovTemplate/Content/CustomMaps/UGC1765910949/MaterialLibrary/E_MOon.uasset" 174
"../../../../../../Users/Alexis/Downloads/pv/PavlovTemplate/Content/CustomMaps/UGC1765910949/MaterialLibrary/M_Moon.uasset" 175
"../../../../../../Users/Alexis/Downloads/pv/PavlovTemplate/Content/CustomMaps/UGC1765910949/MaterialLibrary/A_Brick.uasset" 176
"../../../../../../Users/Alexis/Downloads/pv/PavlovTemplate/Content/CustomMaps/UGC1765910949/MaterialLibrary/N_Brick.uasset" 177
"../../../../../../Users/Alexis/Downloads/pv/PavlovTemplate/Content/CustomMaps/UGC1765910949/MaterialLibrary/M_Triplanar.uasset" 178
"../../../../../../Users/Alexis/Downloads/pv/PavlovTemplate/Content/CustomMaps/UGC1765910949/MaterialLibrary/A_Gravel.uasset" 179
"../../../../../../Users/Alexis/Downloads/pv/PavlovTemplate/Content/CustomMaps/UGC1765910949/MaterialLibrary/N_Gravel.uasset" 180
"../../../../../../Users/Alexis/Downloads/pv/PavlovTemplate/Content/CustomMaps/UGC1765910949/MaterialLibrary/MI_Gravel.uasset" 181
"../../../Engine/Content/Functions/Engine_MaterialFunctions01/Gradient/LinearGradient.uasset" 182
"../../../Engine/Content/Functions/Engine_MaterialFunctions01/ImageAdjustment/CheapContrast.uasset" 183
"../../../Engine/Content/Functions/Engine_MaterialFunctions02/SafeNormalize.uasset" 184
"../../../Engine/Content/Functions/Engine_MaterialFunctions02/Math/CreateThirdOrthogonalVector.uasset" 185
"../../../Engine/Content/Functions/Engine_MaterialFunctions02/Utility/BreakOutFloat3Components.uasset" 186
"../../../Engine/Content/Functions/Engine_MaterialFunctions02/Math/Transform3x3Matrix.uasset" 187
"../../../Engine/Content/Functions/Engine_MaterialFunctions02/Utility/MakeFloat3.uasset" 188
"../../../Engine/Content/Functions/Engine_MaterialFunctions02/ExampleContent/Textures/SphereRenderNormalsMap.uasset" 189
"../../../Engine/Content/Functions/Engine_MaterialFunctions02/WorldAlignedNormals_HighQuality.uasset" 190
"../../../Engine/Content/EngineMaterials/DefaultNormal_Uncompressed.uasset" 191
"../../../Engine/Content/Functions/Engine_MaterialFunctions01/Texturing/WorldAlignedNormal.uasset" 192
"../../../Engine/Content/Functions/Engine_MaterialFunctions01/Texturing/WorldAlignedTexture.uasset" 193
"../../../../../../Users/Alexis/Downloads/pv/PavlovTemplate/Content/CustomMaps/UGC1765910949/MaterialLibrary/A_RockFloor.uasset" 194
"../../../../../../Users/Alexis/Downloads/pv/PavlovTemplate/Content/CustomMaps/UGC1765910949/MaterialLibrary/N_FloorTile.uasset" 195
"../../../../../../Users/Alexis/Downloads/pv/PavlovTemplate/Content/CustomMaps/UGC1765910949/MaterialLibrary/M_BlendableFloor.uasset" 196
"../../../../../../Users/Alexis/Downloads/pv/PavlovTemplate/Content/CustomMaps/UGC1765910949/MaterialLibrary/MI_Ground.uasset" 197
"../../../../../../Users/Alexis/Downloads/pv/PavlovTemplate/Content/CustomMaps/UGC1765910949/MaterialLibrary/A_DirtyConcrete.uasset" 198
"../../../../../../Users/Alexis/Downloads/pv/PavlovTemplate/Content/CustomMaps/UGC1765910949/MaterialLibrary/MI_PaleBrick.uasset" 199
"../../../../../../Users/Alexis/Downloads/pv/PavlovTemplate/Content/CustomMaps/UGC1765910949/MaterialLibrary/A_Planks.uasset" 200
"../../../../../../Users/Alexis/Downloads/pv/PavlovTemplate/Content/CustomMaps/UGC1765910949/MaterialLibrary/N_Planks.uasset" 201
"../../../../../../Users/Alexis/Downloads/pv/PavlovTemplate/Content/CustomMaps/UGC1765910949/MaterialLibrary/MI_Planks.uasset" 202
"../../../../../../Users/Alexis/Downloads/pv/PavlovTemplate/Content/CustomMaps/UGC1765910949/MaterialLibrary/A_YellowBrick.uasset" 203
"../../../../../../Users/Alexis/Downloads/pv/PavlovTemplate/Content/CustomMaps/UGC1765910949/MaterialLibrary/N_YellowBrick.uasset" 204
"../../../../../../Users/Alexis/Downloads/pv/PavlovTemplate/Content/CustomMaps/UGC1765910949/MaterialLibrary/MI_YellowBrick.uasset" 205
"../../../Engine/Content/BasicShapes/Sphere.uasset" 206
"../../../../../../Users/Alexis/Downloads/pv/PavlovTemplate/Content/CustomMaps/UGC1765910949/Thumb.uasset" 207
"../../../../../../Users/Alexis/Downloads/pv/PavlovTemplate/Content/CustomMaps/UGC1765910949/definition.uasset" 208
"../../../../../../Users/Alexis/Downloads/pv/PavlovTemplate/Content/CustomMaps/UGC1765910949/MaterialLibrary/MI_Brick.uasset" 209
"../../../../../../Users/Alexis/Downloads/pv/PavlovTemplate/Content/CustomMaps/UGC1765910949/MaterialLibrary/A_Concrete.uasset" 210
"../../../../../../Users/Alexis/Downloads/pv/PavlovTemplate/Content/CustomMaps/UGC1765910949/MaterialLibrary/N_Concrete.uasset" 211
"../../../../../../Users/Alexis/Downloads/pv/PavlovTemplate/Content/CustomMaps/UGC1765910949/MaterialLibrary/MI_Concrete.uasset" 212
"../../../../../../Users/Alexis/Downloads/pv/PavlovTemplate/Content/CustomMaps/UGC1765910949/Environment/ModularKit/SM_DoorFrame.uasset" 213
"../../../../../../Users/Alexis/Downloads/pv/PavlovTemplate/Content/CustomMaps/UGC1765910949/MaterialLibrary/A_Steel.uasset" 214
"../../../../../../Users/Alexis/Downloads/pv/PavlovTemplate/Content/CustomMaps/UGC1765910949/MaterialLibrary/N_Steel.uasset" 215
"../../../../../../Users/Alexis/Downloads/pv/PavlovTemplate/Content/CustomMaps/UGC1765910949/MaterialLibrary/MI_Steel.uasset" 216
"../../../../../../Users/Alexis/Downloads/pv/PavlovTemplate/Content/CustomMaps/UGC1765910949/Environment/ModularKit/SM_FencePost.uasset" 217
"../../../../../../Users/Alexis/Downloads/pv/PavlovTemplate/Content/CustomMaps/UGC1765910949/MaterialLibrary/A_Fence.uasset" 218
"../../../../../../Users/Alexis/Downloads/pv/PavlovTemplate/Content/CustomMaps/UGC1765910949/MaterialLibrary/M_TriplanarCutout.uasset" 219
"../../../../../../Users/Alexis/Downloads/pv/PavlovTemplate/Content/CustomMaps/UGC1765910949/MaterialLibrary/MI_Fence.uasset" 220
"../../../../../../Users/Alexis/Downloads/pv/PavlovTemplate/Content/CustomMaps/UGC1765910949/Environment/ModularKit/SM_FenceWall.uasset" 221
"../../../../../../Users/Alexis/Downloads/pv/PavlovTemplate/Content/CustomMaps/UGC1765910949/MaterialLibrary/A_Plaster.uasset" 222
"../../../../../../Users/Alexis/Downloads/pv/PavlovTemplate/Content/CustomMaps/UGC1765910949/MaterialLibrary/MI_Plaster.uasset" 223
"../../../../../../Users/Alexis/Downloads/pv/PavlovTemplate/Content/CustomMaps/UGC1765910949/Environment/ModularKit/SM_Floor.uasset" 224
"../../../../../../Users/Alexis/Downloads/pv/PavlovTemplate/Content/CustomMaps/UGC1765910949/Environment/ModularKit/SM_Ledge.uasset" 225
"../../../../../../Users/Alexis/Downloads/pv/PavlovTemplate/Content/CustomMaps/UGC1765910949/Environment/ModularKit/SM_Pillar.uasset" 226
"../../../../../../Users/Alexis/Downloads/pv/PavlovTemplate/Content/CustomMaps/UGC1765910949/Environment/ModularKit/SM_PillarCap.uasset" 227
"../../../../../../Users/Alexis/Downloads/pv/PavlovTemplate/Content/CustomMaps/UGC1765910949/MaterialLibrary/A_Wood.uasset" 228
"../../../../../../Users/Alexis/Downloads/pv/PavlovTemplate/Content/CustomMaps/UGC1765910949/MaterialLibrary/N_Wood.uasset" 229
"../../../../../../Users/Alexis/Downloads/pv/PavlovTemplate/Content/CustomMaps/UGC1765910949/MaterialLibrary/MI_Wood.uasset" 230
"../../../../../../Users/Alexis/Downloads/pv/PavlovTemplate/Content/CustomMaps/UGC1765910949/Environment/ModularKit/SM_Stairs.uasset" 231
"../../../../../../Users/Alexis/Downloads/pv/PavlovTemplate/Content/CustomMaps/UGC1765910949/Environment/ModularKit/SM_Wall.uasset" 232
"../../../../../../Users/Alexis/Downloads/pv/PavlovTemplate/Content/CustomMaps/UGC1765910949/Environment/ModularKit/SM_WindowPane.uasset" 233
"../../../../../../Users/Alexis/Downloads/pv/PavlovTemplate/Content/CustomMaps/UGC1765910949/Environment/ModularKit/SM_WindowSill.uasset" 234
"../../../../../../Users/Alexis/Downloads/pv/PavlovTemplate/Content/CustomMaps/UGC1765910949/Environment/Props/PainterProbs_lambert11_AO.uasset" 235
"../../../../../../Users/Alexis/Downloads/pv/PavlovTemplate/Content/CustomMaps/UGC1765910949/Environment/Props/PainterProbs_lambert11_BaseColor.uasset" 236
"../../../../../../Users/Alexis/Downloads/pv/PavlovTemplate/Content/CustomMaps/UGC1765910949/Environment/Props/PainterProbs_lambert11_Metallic.uasset" 237
"../../../../../../Users/Alexis/Downloads/pv/PavlovTemplate/Content/CustomMaps/UGC1765910949/Environment/Props/PainterProbs_lambert11_Normal.uasset" 238
"../../../../../../Users/Alexis/Downloads/pv/PavlovTemplate/Content/CustomMaps/UGC1765910949/Environment/Props/PainterProbs_lambert11_Roughness.uasset" 239
"../../../../../../Users/Alexis/Downloads/pv/PavlovTemplate/Content/CustomMaps/UGC1765910949/MaterialLibrary/M_Opaque.uasset" 240
"../../../../../../Users/Alexis/Downloads/pv/PavlovTemplate/Content/CustomMaps/UGC1765910949/Environment/Props/Containers/containerspainter_M_Barrels_AO.uasset" 241
"../../../../../../Users/Alexis/Downloads/pv/PavlovTemplate/Content/CustomMaps/UGC1765910949/Environment/Props/Containers/containerspainter_M_Barrels_BaseColor.uasset" 242
"../../../../../../Users/Alexis/Downloads/pv/PavlovTemplate/Content/CustomMaps/UGC1765910949/Environment/Props/Containers/containerspainter_M_Barrels_Metallic.uasset" 243
"../../../../../../Users/Alexis/Downloads/pv/PavlovTemplate/Content/CustomMaps/UGC1765910949/Environment/Props/Containers/containerspainter_M_Barrels_Normal.uasset" 244
"../../../../../../Users/Alexis/Downloads/pv/PavlovTemplate/Content/CustomMaps/UGC1765910949/Environment/Props/Containers/containerspainter_M_Barrels_Roughness.uasset" 245
"../../../../../../Users/Alexis/Downloads/pv/PavlovTemplate/Content/CustomMaps/UGC1765910949/MaterialLibrary/MI_Containers.uasset" 246
"../../../../../../Users/Alexis/Downloads/pv/PavlovTemplate/Content/CustomMaps/UGC1765910949/Environment/Props/SM_Barrel1.uasset" 247
"../../../../../../Users/Alexis/Downloads/pv/PavlovTemplate/Content/CustomMaps/UGC1765910949/Environment/Props/SM_Barrel2.uasset" 248
"../../../../../../Users/Alexis/Downloads/pv/PavlovTemplate/Content/CustomMaps/UGC1765910949/MaterialLibrary/MI_Props.uasset" 249
"../../../../../../Users/Alexis/Downloads/pv/PavlovTemplate/Content/CustomMaps/UGC1765910949/Environment/Props/SM_Brick1.uasset" 250
"../../../../../../Users/Alexis/Downloads/pv/PavlovTemplate/Content/CustomMaps/UGC1765910949/Environment/Props/SM_Brick2.uasset" 251
"../../../../../../Users/Alexis/Downloads/pv/PavlovTemplate/Content/CustomMaps/UGC1765910949/Environment/Props/SM_Brick3.uasset" 252
"../../../../../../Users/Alexis/Downloads/pv/PavlovTemplate/Content/CustomMaps/UGC1765910949/Environment/Props/SM_Brick4.uasset" 253
"../../../../../../Users/Alexis/Downloads/pv/PavlovTemplate/Content/CustomMaps/UGC1765910949/Environment/Props/SM_Crate.uasset" 254
"../../../../../../Users/Alexis/Downloads/pv/PavlovTemplate/Content/CustomMaps/UGC1765910949/Environment/Props/LF_Cookie.uasset" 255
"../../../../../../Users/Alexis/Downloads/pv/PavlovTemplate/Content/CustomMaps/UGC1765910949/MaterialLibrary/M_Emissive.uasset" 256
"../../../../../../Users/Alexis/Downloads/pv/PavlovTemplate/Content/CustomMaps/UGC1765910949/MaterialLibrary/MI_LampLight.uasset" 257
"../../../../../../Users/Alexis/Downloads/pv/PavlovTemplate/Content/CustomMaps/UGC1765910949/Environment/Props/SM_Lamp.uasset" 258
"../../../../../../Users/Alexis/Downloads/pv/PavlovTemplate/Content/CustomMaps/UGC1765910949/Environment/Props/SM_LargeCrate.uasset" 259
"../../../../../../Users/Alexis/Downloads/pv/PavlovTemplate/Content/CustomMaps/UGC1765910949/Environment/Props/SM_Pipe.uasset" 260
"../../../../../../Users/Alexis/Downloads/pv/PavlovTemplate/Content/CustomMaps/UGC1765910949/Environment/Props/SM_Plank.uasset" 261
"../../../../../../Users/Alexis/Downloads/pv/PavlovTemplate/Content/CustomMaps/UGC1765910949/Environment/Props/SM_Pot.uasset" 262
"../../../../../../Users/Alexis/Downloads/pv/PavlovTemplate/Content/CustomMaps/UGC1765910949/Environment/Props/SM_Tire.uasset" 263
"../../../../../../Users/Alexis/Downloads/pv/PavlovTemplate/Content/CustomMaps/UGC1765910949/Environment/Props/SM_WallTie.uasset" 264
"../../../../../../Users/Alexis/Downloads/pv/PavlovTemplate/Content/CustomMaps/UGC1765910949/IES/x-arrow.uasset" 265
"../../../../../../Users/Alexis/Downloads/pv/PavlovTemplate/Content/CustomMaps/UGC1765910949/Troubles.umap" 266
"../../../Engine/Content/Maps/Entry_BuiltData.uasset" 267
"../../../Engine/Content/Maps/Entry.umap" 268
"../../../Engine/Content/Maps/Templates/Template_Default_BuiltData.uasset" 269
"../../../Engine/Content/MapTemplates/SM_Template_Map_Floor.uasset" 270
"../../../Engine/Content/Maps/Templates/Template_Default.umap" 271
