"../../../Engine/Content/Functions/Engine_MaterialFunctions01/Opacity/CameraDepthFade.uasset" 0
"../../../Engine/Content/EngineMaterials/T_Default_Material_Grid_M.uasset" 1
"../../../Engine/Content/EngineMaterials/T_Default_Material_Grid_N.uasset" 2
"../../../Engine/Content/EngineMaterials/WorldGridMaterial.uasset" 3
"../../../Engine/Content/ArtTools/RenderToTexture/Meshes/S_1_Unit_Plane.uasset" 4
"../../../Engine/Content/EngineMaterials/DefaultMaterial.uasset" 5
"../../../Engine/Content/BasicShapes/Cone.uasset" 6
"../../../Engine/Content/BasicShapes/Cube.uasset" 7
"../../../Engine/Content/BasicShapes/Cylinder.uasset" 8
"../../../Engine/Content/BasicShapes/Plane.uasset" 9
"../../../Engine/Content/BasicShapes/Sphere.uasset" 10
"../../../Engine/Content/EditorLandscapeResources/DataLayer.uasset" 11
"../../../Engine/Content/EditorMaterials/GizmoMaterial.uasset" 12
"../../../Engine/Content/EditorMaterials/MAT_Groups_Toggle.uasset" 13
"../../../Engine/Content/EditorMaterials/MAT_Groups_Visibility.uasset" 14
"../../../Engine/Content/EditorMaterials/PreviewShadowIndicator.uasset" 15
"../../../Engine/Content/EditorMaterials/PreviewShadowIndicatorMaterial.uasset" 16
"../../../Engine/Content/EditorMaterials/MatineeGroups/MAT_ColorTrack.uasset" 17
"../../../Engine/Content/EditorMaterials/MatineeGroups/MAT_Groups_Anim.uasset" 18
"../../../Engine/Content/EditorMaterials/MatineeGroups/MAT_Groups_AudioMaster.uasset" 19
"../../../Engine/Content/EditorMaterials/MatineeGroups/MAT_Groups_Director.uasset" 20
"../../../Engine/Content/EditorMaterials/MatineeGroups/MAT_Groups_Event.uasset" 21
"../../../Engine/Content/EditorMaterials/MatineeGroups/MAT_Groups_Fade.uasset" 22
"../../../Engine/Content/EditorMaterials/MatineeGroups/MAT_Groups_Float.uasset" 23
"../../../Engine/Content/EditorMaterials/MatineeGroups/MAT_Groups_Move.uasset" 24
"../../../Engine/Content/EditorMaterials/MatineeGroups/MAT_Groups_Slomo.uasset" 25
"../../../Engine/Content/EditorMaterials/MatineeGroups/MAT_Groups_Sound.uasset" 26
"../../../Engine/Content/EditorMaterials/MatineeGroups/MAT_Groups_Vector.uasset" 27
"../../../Engine/Content/EditorMaterials/ParticleSystems/PSysThumbnail_NoImage.uasset" 28
"../../../Engine/Content/EditorMaterials/ParticleSystems/PSysThumbnail_OOD.uasset" 29
"../../../Engine/Content/EditorMaterials/Camera/CineMat.uasset" 30
"../../../Engine/Content/EditorMaterials/Camera/MI_CineMat_Rig.uasset" 31
"../../../Engine/Content/EditorMeshes/Camera/SM_CraneRig_Arm.uasset" 32
"../../../Engine/Content/EditorMeshes/Camera/SM_CraneRig_Base.uasset" 33
"../../../Engine/Content/EditorMeshes/Camera/SM_CraneRig_Body.uasset" 34
"../../../Engine/Content/EditorMeshes/Camera/SM_CraneRig_Mount.uasset" 35
"../../../Engine/Content/EditorMeshes/Camera/SM_RailRig_Mount.uasset" 36
"../../../Engine/Content/EditorMeshes/Camera/SM_RailRig_Track.uasset" 37
"../../../Engine/Content/EditorResources/BSPVertex.uasset" 38
"../../../Engine/Content/EditorResources/EmptyActor.uasset" 39
"../../../Engine/Content/EditorResources/S_Actor.uasset" 40
"../../../Engine/Content/EditorResources/S_Trigger.uasset" 41
"../../../Engine/Content/EditorResources/LightIcons/S_LightError.uasset" 42
"../../../Engine/Content/EditorResources/SequenceRecorder/Countdown.uasset" 43
"../../../Engine/Content/EditorResources/SequenceRecorder/RecordingIndicator.uasset" 44
"../../../Engine/Content/EditorSounds/Notifications/CompileFailed.uasset" 45
"../../../Engine/Content/EditorSounds/Notifications/CompileFailed_Cue.uasset" 46
"../../../Engine/Content/EditorSounds/Notifications/CompileSuccess.uasset" 47
"../../../Engine/Content/EditorSounds/Notifications/CompileStart_Cue.uasset" 48
"../../../Engine/Content/EditorSounds/Notifications/CompileSuccess_Cue.uasset" 49
"../../../Engine/Content/EngineDamageTypes/DmgTypeBP_Environmental.uasset" 50
"../../../Engine/Content/EngineDebugMaterials/HeatmapGradient.uasset" 51
"../../../Engine/Content/EngineDebugMaterials/BoneWeightMaterial.uasset" 52
"../../../Engine/Content/EngineDebugMaterials/ClothMaterial.uasset" 53
"../../../Engine/Content/EngineDebugMaterials/ClothMaterial_WF.uasset" 54
"../../../Engine/Content/EngineDebugMaterials/DebugEditorMaterial.uasset" 55
"../../../Engine/Content/EngineDebugMaterials/DebugMeshMaterial.uasset" 56
"../../../Engine/Content/EngineDebugMaterials/GeomMaterial.uasset" 57
"../../../Engine/Content/EngineDebugMaterials/M_SimpleTranslucent.uasset" 58
"../../../Engine/Content/EngineFonts/Faces/RobotoBold.uasset" 59
"../../../Engine/Content/EngineFonts/Faces/RobotoBoldItalic.uasset" 60
"../../../Engine/Content/EngineFonts/Faces/RobotoItalic.uasset" 61
"../../../Engine/Content/EngineFonts/Faces/RobotoLight.uasset" 62
"../../../Engine/Content/EngineFonts/Faces/RobotoRegular.uasset" 63
"../../../Engine/Content/EngineFonts/Roboto.uasset" 64
"../../../Engine/Content/EngineFonts/Faces/RobotoTiny.uasset" 65
"../../../Engine/Content/EngineFonts/RobotoTiny.uasset" 66
"../../../Engine/Content/EngineMaterials/BaseFlattenDiffuseMap.uasset" 67
"../../../Engine/Content/EngineMaterials/BaseFlattenEmissiveMap.uasset" 68
"../../../Engine/Content/EngineMaterials/BaseFlattenGrayscaleMap.uasset" 69
"../../../Engine/Content/EngineMaterials/BaseFlattenNormalMap.uasset" 70
"../../../Engine/Content/EngineMaterials/BaseFlattenMaterial.uasset" 71
"../../../Engine/Content/EngineMaterials/DefaultBloomKernel.uasset" 72
"../../../Engine/Content/EngineMaterials/DefaultBokeh.uasset" 73
"../../../Engine/Content/EngineMaterials/DefaultDiffuse.uasset" 74
"../../../Engine/Content/EngineMaterials/DefaultDeferredDecalMaterial.uasset" 75
"../../../Engine/Content/EngineMaterials/DefaultLightFunctionMaterial.uasset" 76
"../../../Engine/Content/EngineMaterials/DefaultPhysicalMaterial.uasset" 77
"../../../Engine/Content/Functions/Engine_MaterialFunctions02/Utility/BreakOutFloat2Components.uasset" 78
"../../../Engine/Content/EngineMaterials/DefaultPostProcessMaterial.uasset" 79
"../../../Engine/Content/EngineFonts/RobotoDistanceField.uasset" 80
"../../../Engine/Content/EngineMaterials/DefaultTextMaterialOpaque.uasset" 81
"../../../Engine/Content/EngineMaterials/DefaultWhiteGrid.uasset" 82
"../../../Engine/Content/EngineMaterials/EditorBrushMaterial.uasset" 83
"../../../Engine/Content/EngineMaterials/Good64x64TilingNoiseHighFreq.uasset" 84
"../../../Engine/Content/EngineMaterials/MiniFont.uasset" 85
"../../../Engine/Content/EngineMaterials/InvalidLightmapSettings.uasset" 86
"../../../Engine/Content/EngineMaterials/M_InvalidLightmapSettings.uasset" 87
"../../../Engine/Content/Functions/Engine_MaterialFunctions02/WorldPositionOffset/CameraOffset.uasset" 88
"../../../Engine/Content/EngineMaterials/PhAT_JointLimitMaterial.uasset" 89
"../../../Engine/Content/EngineMaterials/PreintegratedSkinBRDF.uasset" 90
"../../../Engine/Content/EngineMaterials/RemoveSurfaceMaterial.uasset" 91
"../../../Engine/Content/EngineMaterials/WeightMapPlaceholderTexture.uasset" 92
"../../../Engine/Content/EngineResources/WhiteSquareTexture.uasset" 93
"../../../Engine/Content/EngineMaterials/Widget3DPassThrough.uasset" 94
"../../../Engine/Content/EngineMaterials/Widget3DPassThrough_Masked.uasset" 95
"../../../Engine/Content/EngineMaterials/Widget3DPassThrough_Opaque.uasset" 96
"../../../Engine/Content/EngineMaterials/Widget3DPassThrough_Masked_OneSided.uasset" 97
"../../../Engine/Content/EngineMaterials/Widget3DPassThrough_Opaque_OneSided.uasset" 98
"../../../Engine/Content/EngineMaterials/Widget3DPassThrough_Translucent.uasset" 99
"../../../Engine/Content/EngineMaterials/Widget3DPassThrough_Translucent_OneSided.uasset" 100
"../../../Engine/Content/EngineMeshes/Cylinder.uasset" 101
"../../../Engine/Content/EngineMeshes/Sphere.uasset" 102
"../../../Engine/Content/EngineResources/Black.uasset" 103
"../../../Engine/Content/EngineResources/DefaultTexture.uasset" 104
"../../../Engine/Content/EngineResources/DefaultTextureCube.uasset" 105
"../../../Engine/Content/EngineResources/DefaultVolumeTexture2D.uasset" 106
"../../../Engine/Content/EngineResources/DefaultVolumeTexture.uasset" 107
"../../../Engine/Content/EngineResources/GradientTexture0.uasset" 108
"../../../Engine/Content/EngineSounds/Master.uasset" 109
"../../../Engine/Content/Functions/Engine_MaterialFunctions01/Shading/ConvertFromDiffSpec.uasset" 110
"../../../Engine/Content/Functions/Engine_MaterialFunctions01/Shading/PowerToRoughness.uasset" 111
"../../../Engine/Content/Maps/Templates/Thumbnails/Default.uasset" 112
"../../../Engine/Content/Maps/Templates/Thumbnails/VR-Basic.uasset" 113
"../../../Engine/Content/MobileResources/T_MobileControls_texture.uasset" 114
"../../../Engine/Content/MobileResources/T_MobileMenu2.uasset" 115
"../../../Engine/Content/MobileResources/HUD/AnalogHat.uasset" 116
"../../../Engine/Content/MobileResources/HUD/VirtualJoystick_Background.uasset" 117
"../../../Engine/Content/MobileResources/HUD/VirtualJoystick_Thumb.uasset" 118
"../../../Engine/Content/MobileResources/HUD/DefaultVirtualJoysticks.uasset" 119
"../../../Engine/Content/MobileResources/HUD/LeftVirtualJoystickOnly.uasset" 120
"../../../Engine/Content/MobileResources/HUD/MobileHUDButton1_off.uasset" 121
"../../../Engine/Content/MobileResources/HUD/MobileHUDButton1_on.uasset" 122
"../../../Engine/Content/MobileResources/HUD/MobileHUDButton2_off.uasset" 123
"../../../Engine/Content/MobileResources/HUD/MobileHUDButton2_on.uasset" 124
"../../../Engine/Content/MobileResources/HUD/MobileHUDButton3.uasset" 125
"../../../Engine/Content/MobileResources/HUD/MobileHUDButtonFire.uasset" 126
"../../../Engine/Content/MobileResources/HUD/MobileHUDDirectionPad.uasset" 127
"../../../Engine/Content/MobileResources/HUD/MobileHUDDirectionPad2.uasset" 128
"../../../Engine/Content/MobileResources/HUD/MobileHUDDirectionPad3.uasset" 129
"../../../Engine/Content/MobileResources/HUD/MobileHUDDirectionStick.uasset" 130
"../../../Engine/Content/MobileResources/HUD/T_Castle_ThumbstickInner.uasset" 131
"../../../Engine/Content/MobileResources/HUD/T_Castle_ThumbstickOutter.uasset" 132
"../../../Engine/Content/Tutorial/ContentIntroCurve.uasset" 133
"../../../Engine/Content/VREditor/LaserPointer/VR_LaserPower_01.uasset" 134
"../../../Engine/Content/VREditor/TransformGizmo/TransformGizmoMaterial.uasset" 135
"../../../Engine/Content/VREditor/TransformGizmo/TranslucentTransformGizmoMaterial.uasset" 136
"../../../Engine/Content/VREditor/TransformGizmo/BoundingBoxCorner.uasset" 137
"../../../Engine/Content/VREditor/TransformGizmo/BoundingBoxEdge.uasset" 138
"../../../Engine/Content/VREditor/TransformGizmo/PlaneTranslationHandle.uasset" 139
"../../../Engine/Content/VREditor/TransformGizmo/Main.uasset" 140
"../../../Engine/Content/VREditor/TransformGizmo/Xray.uasset" 141
"../../../Engine/Content/VREditor/TransformGizmo/SM_Sequencer_Key.uasset" 142
"../../../Engine/Content/VREditor/TransformGizmo/SM_Sequencer_Node.uasset" 143
"../../Plugins/2D/Paper2D/Content/PlaceholderTextures/DummySpriteTexture.uasset" 144
"../../Plugins/2D/Paper2D/Content/DummySprite.uasset" 145
"../../Plugins/2D/Paper2D/Content/DefaultPaperTerrainMaterial.uasset" 146
"../../Plugins/2D/Paper2D/Content/DefaultSpriteMaterial.uasset" 147
"../../Plugins/2D/Paper2D/Content/MaskedUnlitSpriteMaterial.uasset" 148
"../../Plugins/2D/Paper2D/Content/OpaqueUnlitSpriteMaterial.uasset" 149
"../../Plugins/Runtime/Oculus/OculusVR/Content/Materials/PokeAHoleMaterial.uasset" 150
"../../Plugins/Runtime/Oculus/OculusVR/Content/Textures/GearVRController_AO.uasset" 151
"../../Plugins/Runtime/Oculus/OculusVR/Content/Textures/GearVRController_Color.uasset" 152
"../../Plugins/Runtime/Oculus/OculusVR/Content/Textures/GearVRController_Normal.uasset" 153
"../../Plugins/Runtime/Oculus/OculusVR/Content/Materials/GearVRControllerMaterial.uasset" 154
"../../Plugins/Runtime/Oculus/OculusVR/Content/Meshes/GearVrController.uasset" 155
"../../Plugins/Runtime/Oculus/OculusVR/Content/Textures/touchController_albedo.uasset" 156
"../../Plugins/Runtime/Oculus/OculusVR/Content/Textures/touchController_controlmap.uasset" 157
"../../Plugins/Runtime/Oculus/OculusVR/Content/Materials/touchController_mat.uasset" 158
"../../Plugins/Runtime/Oculus/OculusVR/Content/Meshes/LeftTouchController.uasset" 159
"../../Plugins/Runtime/Oculus/OculusVR/Content/Meshes/RiftHMD.uasset" 160
"../../Plugins/Runtime/Oculus/OculusVR/Content/Meshes/RightTouchController.uasset" 161
"../../../../../../Github/Pavlov-Maps/Gloriana/Plugins/CustomMapTools/Content/Materials/M_EditorMesh.uasset" 162
"../../../../../../Github/Pavlov-Maps/Gloriana/Plugins/CustomMapTools/Content/Meshes/SM_Bomb_Plant_01.uasset" 163
"../../../../../../Github/Pavlov-Maps/Gloriana/Content/CustomMaps/UGC1805476855/MaterialLibrary/A_Plaster.uasset" 164
"../../../../../../Github/Pavlov-Maps/Gloriana/Content/CustomMaps/UGC1805476855/MaterialLibrary/N_Base.uasset" 165
"../../../../../../Github/Pavlov-Maps/Gloriana/Content/CustomMaps/UGC1805476855/MaterialLibrary/Master_OpaqueTiling.uasset" 166
"../../../../../../Github/Pavlov-Maps/Gloriana/Content/CustomMaps/UGC1805476855/MaterialLibrary/MI_BrushedMetal.uasset" 167
"../../../../../../Github/Pavlov-Maps/Gloriana/Content/CustomMaps/UGC1805476855/MaterialLibrary/M_LampLight.uasset" 168
"../../../../../../Github/Pavlov-Maps/Gloriana/Content/CustomMaps/UGC1805476855/MaterialLibrary/MI_Chandelier.uasset" 169
"../../../../../../Github/Pavlov-Maps/Gloriana/Content/CustomMaps/UGC1805476855/Environment/Furniture/SM_Chandelier.uasset" 170
"../../../../../../Github/Pavlov-Maps/Gloriana/Content/CustomMaps/UGC1805476855/Blueprints/BP_Chandelier.uasset" 171
"../../../../../../Github/Pavlov-Maps/Gloriana/Content/CustomMaps/UGC1805476855/MaterialLibrary/MI_WallLamp.uasset" 172
"../../../../../../Github/Pavlov-Maps/Gloriana/Content/CustomMaps/UGC1805476855/Environment/SM_WallLamp.uasset" 173
"../../../../../../Github/Pavlov-Maps/Gloriana/Content/CustomMaps/UGC1805476855/Blueprints/BP_WallLamp.uasset" 174
"../../../../../../Github/Pavlov-Maps/Gloriana/Content/CustomMaps/UGC1805476855/Maps/Miami_BuiltData.uasset" 175
"../../../../../../Github/Pavlov-Maps/Gloriana/Content/CustomMaps/UGC1805476855/Environment/Foliage/A_Tree.uasset" 176
"../../../../../../Github/Pavlov-Maps/Gloriana/Content/CustomMaps/UGC1805476855/MaterialLibrary/Master_Foliage.uasset" 177
"../../../../../../Github/Pavlov-Maps/Gloriana/Content/CustomMaps/UGC1805476855/Environment/Foliage/MI_Greenleaves.uasset" 178
"../../../../../../Github/Pavlov-Maps/Gloriana/Content/CustomMaps/UGC1805476855/MaterialLibrary/A_Carpet.uasset" 179
"../../../../../../Github/Pavlov-Maps/Gloriana/Content/CustomMaps/UGC1805476855/MaterialLibrary/N_Carpet.uasset" 180
"../../../../../../Github/Pavlov-Maps/Gloriana/Content/CustomMaps/UGC1805476855/MaterialLibrary/MI_DarkCarpet.uasset" 181
"../../../../../../Github/Pavlov-Maps/Gloriana/Content/CustomMaps/UGC1805476855/MaterialLibrary/A_WhiteMarble.uasset" 182
"../../../../../../Github/Pavlov-Maps/Gloriana/Content/CustomMaps/UGC1805476855/MaterialLibrary/MI_FloorMarble.uasset" 183
"../../../../../../Github/Pavlov-Maps/Gloriana/Content/CustomMaps/UGC1805476855/MaterialLibrary/MI_Linoleum.uasset" 184
"../../../../../../Github/Pavlov-Maps/Gloriana/Content/CustomMaps/UGC1805476855/MaterialLibrary/A_PatternedCarpet.uasset" 185
"../../../../../../Github/Pavlov-Maps/Gloriana/Content/CustomMaps/UGC1805476855/MaterialLibrary/MI_PatternedCarpet.uasset" 186
"../../../../../../Github/Pavlov-Maps/Gloriana/Content/CustomMaps/UGC1805476855/MaterialLibrary/A_TextCarpet.uasset" 187
"../../../../../../Github/Pavlov-Maps/Gloriana/Content/CustomMaps/UGC1805476855/MaterialLibrary/MI_TextCarpet.uasset" 188
"../../../../../../Github/Pavlov-Maps/Gloriana/Content/CustomMaps/UGC1805476855/MaterialLibrary/A_Tiles.uasset" 189
"../../../../../../Github/Pavlov-Maps/Gloriana/Content/CustomMaps/UGC1805476855/MaterialLibrary/MI_Tiles.uasset" 190
"../../../../../../Github/Pavlov-Maps/Gloriana/Content/CustomMaps/UGC1805476855/MaterialLibrary/A_Planks.uasset" 191
"../../../../../../Github/Pavlov-Maps/Gloriana/Content/CustomMaps/UGC1805476855/MaterialLibrary/N_Wood.uasset" 192
"../../../../../../Github/Pavlov-Maps/Gloriana/Content/CustomMaps/UGC1805476855/MaterialLibrary/MI_WoodPlanks.uasset" 193
"../../../../../../Github/Pavlov-Maps/Gloriana/Content/CustomMaps/UGC1805476855/UI/UI_Thumb.uasset" 194
"../../../../../../Github/Pavlov-Maps/Gloriana/Content/CustomMaps/UGC1805476855/definition.uasset" 195
"../../../../../../Github/Pavlov-Maps/Gloriana/Content/CustomMaps/UGC1805476855/MaterialLibrary/Master_FixedOpaque.uasset" 196
"../../../../../../Github/Pavlov-Maps/Gloriana/Content/CustomMaps/UGC1805476855/Environment/Foliage/MI_Bark.uasset" 197
"../../../../../../Github/Pavlov-Maps/Gloriana/Content/CustomMaps/UGC1805476855/Environment/Foliage/MI_Leaves.uasset" 198
"../../../../../../Github/Pavlov-Maps/Gloriana/Content/CustomMaps/UGC1805476855/Environment/Foliage/SM_Tree.uasset" 199
"../../../../../../Github/Pavlov-Maps/Gloriana/Content/CustomMaps/UGC1805476855/MaterialLibrary/A_FineWood.uasset" 200
"../../../../../../Github/Pavlov-Maps/Gloriana/Content/CustomMaps/UGC1805476855/MaterialLibrary/MI_FineWood.uasset" 201
"../../../../../../Github/Pavlov-Maps/Gloriana/Content/CustomMaps/UGC1805476855/Environment/Furniture/SM_BacklitShelf.uasset" 202
"../../../../../../Github/Pavlov-Maps/Gloriana/Content/CustomMaps/UGC1805476855/MaterialLibrary/MI_Marble.uasset" 203
"../../../../../../Github/Pavlov-Maps/Gloriana/Content/CustomMaps/UGC1805476855/MaterialLibrary/A_DecorativeTile.uasset" 204
"../../../../../../Github/Pavlov-Maps/Gloriana/Content/CustomMaps/UGC1805476855/MaterialLibrary/N_DecorativeTime.uasset" 205
"../../../../../../Github/Pavlov-Maps/Gloriana/Content/CustomMaps/UGC1805476855/MaterialLibrary/MI_OrnamentalTile.uasset" 206
"../../../../../../Github/Pavlov-Maps/Gloriana/Content/CustomMaps/UGC1805476855/Environment/Furniture/SM_BarTable.uasset" 207
"../../../../../../Github/Pavlov-Maps/Gloriana/Content/CustomMaps/UGC1805476855/MaterialLibrary/A_Jean.uasset" 208
"../../../../../../Github/Pavlov-Maps/Gloriana/Content/CustomMaps/UGC1805476855/MaterialLibrary/N_Folds.uasset" 209
"../../../../../../Github/Pavlov-Maps/Gloriana/Content/CustomMaps/UGC1805476855/MaterialLibrary/MI_BedFabric.uasset" 210
"../../../../../../Github/Pavlov-Maps/Gloriana/Content/CustomMaps/UGC1805476855/Environment/Furniture/SM_Bed.uasset" 211
"../../../../../../Github/Pavlov-Maps/Gloriana/Content/CustomMaps/UGC1805476855/MaterialLibrary/MI_WhiteFabric.uasset" 212
"../../../../../../Github/Pavlov-Maps/Gloriana/Content/CustomMaps/UGC1805476855/Environment/Furniture/SM_Bench.uasset" 213
"../../../../../../Github/Pavlov-Maps/Gloriana/Content/CustomMaps/UGC1805476855/Environment/Furniture/SM_Chair.uasset" 214
"../../../../../../Github/Pavlov-Maps/Gloriana/Content/CustomMaps/UGC1805476855/Environment/Furniture/SM_EndTable.uasset" 215
"../../../../../../Github/Pavlov-Maps/Gloriana/Content/CustomMaps/UGC1805476855/MaterialLibrary/A_Terracotta.uasset" 216
"../../../../../../Github/Pavlov-Maps/Gloriana/Content/CustomMaps/UGC1805476855/MaterialLibrary/N_Terracotta.uasset" 217
"../../../../../../Github/Pavlov-Maps/Gloriana/Content/CustomMaps/UGC1805476855/MaterialLibrary/MI_Dirt.uasset" 218
"../../../../../../Github/Pavlov-Maps/Gloriana/Content/CustomMaps/UGC1805476855/MaterialLibrary/MI_TerraCotta.uasset" 219
"../../../../../../Github/Pavlov-Maps/Gloriana/Content/CustomMaps/UGC1805476855/Environment/Furniture/SM_FlowerPot.uasset" 220
"../../../../../../Github/Pavlov-Maps/Gloriana/Content/CustomMaps/UGC1805476855/Environment/Furniture/SM_LargeTable.uasset" 221
"../../../../../../Github/Pavlov-Maps/Gloriana/Content/CustomMaps/UGC1805476855/Environment/Furniture/typeBlinn.uasset" 222
"../../../../../../Github/Pavlov-Maps/Gloriana/Content/CustomMaps/UGC1805476855/Environment/Furniture/SM_Logo.uasset" 223
"../../../../../../Github/Pavlov-Maps/Gloriana/Content/CustomMaps/UGC1805476855/MaterialLibrary/MI_DarkMetal.uasset" 224
"../../../../../../Github/Pavlov-Maps/Gloriana/Content/CustomMaps/UGC1805476855/MaterialLibrary/A_Leather.uasset" 225
"../../../../../../Github/Pavlov-Maps/Gloriana/Content/CustomMaps/UGC1805476855/MaterialLibrary/MI_Leather.uasset" 226
"../../../../../../Github/Pavlov-Maps/Gloriana/Content/CustomMaps/UGC1805476855/Environment/Furniture/SM_Stool.uasset" 227
"../../../../../../Github/Pavlov-Maps/Gloriana/Content/CustomMaps/UGC1805476855/Environment/Furniture/SM_Table.uasset" 228
"../../../../../../Github/Pavlov-Maps/Gloriana/Content/CustomMaps/UGC1805476855/MaterialLibrary/MI_BasicPlaster.uasset" 229
"../../../../../../Github/Pavlov-Maps/Gloriana/Content/CustomMaps/UGC1805476855/Environment/ModularKit/SM_Arch.uasset" 230
"../../../../../../Github/Pavlov-Maps/Gloriana/Content/CustomMaps/UGC1805476855/MaterialLibrary/MI_LightCarpet.uasset" 231
"../../../../../../Github/Pavlov-Maps/Gloriana/Content/CustomMaps/UGC1805476855/Environment/ModularKit/SM_Carpet.uasset" 232
"../../../../../../Github/Pavlov-Maps/Gloriana/Content/CustomMaps/UGC1805476855/Environment/ModularKit/SM_ComplexCarpet.uasset" 233
"../../../../../../Github/Pavlov-Maps/Gloriana/Content/CustomMaps/UGC1805476855/Environment/ModularKit/SM_ConcreteBox.uasset" 234
"../../../../../../Github/Pavlov-Maps/Gloriana/Content/CustomMaps/UGC1805476855/Environment/ModularKit/SM_ConcreteStairs.uasset" 235
"../../../../../../Github/Pavlov-Maps/Gloriana/Content/CustomMaps/UGC1805476855/MaterialLibrary/MI_Gold.uasset" 236
"../../../../../../Github/Pavlov-Maps/Gloriana/Content/CustomMaps/UGC1805476855/Environment/ModularKit/SM_Door.uasset" 237
"../../../../../../Github/Pavlov-Maps/Gloriana/Content/CustomMaps/UGC1805476855/MaterialLibrary/MI_BluePlaster.uasset" 238
"../../../../../../Github/Pavlov-Maps/Gloriana/Content/CustomMaps/UGC1805476855/Environment/ModularKit/SM_DoorFrame.uasset" 239
"../../../../../../Github/Pavlov-Maps/Gloriana/Content/CustomMaps/UGC1805476855/Environment/ModularKit/SM_DoubleDoor.uasset" 240
"../../../../../../Github/Pavlov-Maps/Gloriana/Content/CustomMaps/UGC1805476855/Environment/ModularKit/SM_FancyCorner.uasset" 241
"../../../../../../Github/Pavlov-Maps/Gloriana/Content/CustomMaps/UGC1805476855/MaterialLibrary/MI_CeilingPlaster.uasset" 242
"../../../../../../Github/Pavlov-Maps/Gloriana/Content/CustomMaps/UGC1805476855/MaterialLibrary/MI_TransparentLight.uasset" 243
"../../../../../../Github/Pavlov-Maps/Gloriana/Content/CustomMaps/UGC1805476855/MaterialLibrary/MI_CeilingWindow.uasset" 244
"../../../../../../Github/Pavlov-Maps/Gloriana/Content/CustomMaps/UGC1805476855/Environment/ModularKit/SM_FancyFloor.uasset" 245
"../../../../../../Github/Pavlov-Maps/Gloriana/Content/CustomMaps/UGC1805476855/Environment/ModularKit/SM_FancyPillar.uasset" 246
"../../../../../../Github/Pavlov-Maps/Gloriana/Content/CustomMaps/UGC1805476855/Environment/ModularKit/SM_Floor.uasset" 247
"../../../../../../Github/Pavlov-Maps/Gloriana/Content/CustomMaps/UGC1805476855/Environment/ModularKit/SM_Pillar.uasset" 248
"../../../../../../Github/Pavlov-Maps/Gloriana/Content/CustomMaps/UGC1805476855/Environment/ModularKit/SM_Wall.uasset" 249
"../../../../../../Github/Pavlov-Maps/Gloriana/Content/CustomMaps/UGC1805476855/Environment/ModularKit/SM_Windows.uasset" 250
"../../../../../../Github/Pavlov-Maps/Gloriana/Content/CustomMaps/UGC1805476855/Environment/Skyboxes/HD_Skybox.uasset" 251
"../../../../../../Github/Pavlov-Maps/Gloriana/Content/CustomMaps/UGC1805476855/Environment/Skyboxes/M_Skybox.uasset" 252
"../../../../../../Github/Pavlov-Maps/Gloriana/Content/CustomMaps/UGC1805476855/Environment/Skyboxes/MI_Skybox.uasset" 253
"../../../../../../Github/Pavlov-Maps/Gloriana/Content/CustomMaps/UGC1805476855/Environment/Skyboxes/SM_Skybox.uasset" 254
"../../../../../../Github/Pavlov-Maps/Gloriana/Content/CustomMaps/UGC1805476855/Maps/Miami.umap" 255
"../../../Engine/Content/Maps/Entry_BuiltData.uasset" 256
"../../../Engine/Content/Maps/Entry.umap" 257
"../../../Engine/Content/EditorBlueprintResources/StandardMacros.uasset" 258
"../../../Engine/Content/EngineSky/C_Sky_Cloud_Color.uasset" 259
"../../../Engine/Content/EngineSky/C_Sky_Horizon_Color.uasset" 260
"../../../Engine/Content/EngineSky/C_Sky_Zenith_Color.uasset" 261
"../../../Engine/Content/EngineSky/T_Sky_Blue.uasset" 262
"../../../Engine/Content/EngineSky/T_Sky_Clouds_M.uasset" 263
"../../../Engine/Content/EngineSky/T_Sky_Stars.uasset" 264
"../../../Engine/Content/EngineSky/M_Sky_Panning_Clouds2.uasset" 265
"../../../Engine/Content/EngineSky/SM_SkySphere.uasset" 266
"../../../Engine/Content/EngineSky/BP_Sky_Sphere.uasset" 267
"../../../Engine/Content/Maps/Templates/Template_Default_BuiltData.uasset" 268
"../../../Engine/Content/MapTemplates/SM_Template_Map_Floor.uasset" 269
"../../../Engine/Content/Maps/Templates/Template_Default.umap" 270
