"../../../../../Github/Pavlov-Maps/Campus/Content/CustomMaps/UGC1774861164/definition.uasset" 0
"../../../../../Github/Pavlov-Maps/Campus/Content/CustomMaps/UGC1774861164/Environment/SM_DestroyedRadioLine.uasset" 1
"../../../../../Github/Pavlov-Maps/Campus/Content/CustomMaps/UGC1774861164/Environment/SM_Grass2.uasset" 2
"../../../../../Github/Pavlov-Maps/Campus/Content/CustomMaps/UGC1774861164/Environment/SM_GrassTIle.uasset" 3
"../../../../../Github/Pavlov-Maps/Campus/Content/CustomMaps/UGC1774861164/Environment/SM_LightShaft.uasset" 4
"../../../../../Github/Pavlov-Maps/Campus/Content/CustomMaps/UGC1774861164/Environment/SM_RadioLine.uasset" 5
"../../../../../Github/Pavlov-Maps/Campus/Content/CustomMaps/UGC1774861164/Environment/SM_Rocks_SM_LargeRock.uasset" 6
"../../../../../Github/Pavlov-Maps/Campus/Content/CustomMaps/UGC1774861164/Environment/SM_Rocks_SM_MedRock.uasset" 7
"../../../../../Github/Pavlov-Maps/Campus/Content/CustomMaps/UGC1774861164/Environment/SM_Rocks_SM_SmallRock.uasset" 8
"../../../../../Github/Pavlov-Maps/Campus/Content/CustomMaps/UGC1774861164/Environment/Landscape/A_DarkCliff.uasset" 9
"../../../../../Github/Pavlov-Maps/Campus/Content/CustomMaps/UGC1774861164/Environment/Landscape/A_Rocks.uasset" 10
"../../../../../Github/Pavlov-Maps/Campus/Content/CustomMaps/UGC1774861164/Environment/Landscape/Mask_Dirt.uasset" 11
"../../../Engine/Content/Functions/Engine_MaterialFunctions01/Gradient/LinearGradient.uasset" 12
"../../../Engine/Content/Functions/Engine_MaterialFunctions01/ImageAdjustment/CheapContrast.uasset" 13
"../../../../../Github/Pavlov-Maps/Campus/Content/CustomMaps/UGC1774861164/Environment/Landscape/A_Cliff.uasset" 14
"../../../../../Github/Pavlov-Maps/Campus/Content/CustomMaps/UGC1774861164/Environment/Landscape/A_Dirt.uasset" 15
"../../../../../Github/Pavlov-Maps/Campus/Content/CustomMaps/UGC1774861164/Environment/Landscape/A_Sand.uasset" 16
"../../../../../Github/Pavlov-Maps/Campus/Content/CustomMaps/UGC1774861164/Environment/Landscape/N_Cliff.uasset" 17
"../../../../../Github/Pavlov-Maps/Campus/Content/CustomMaps/UGC1774861164/Environment/Landscape/N_Dirt.uasset" 18
"../../../../../Github/Pavlov-Maps/Campus/Content/CustomMaps/UGC1774861164/Environment/Landscape/N_Sand.uasset" 19
"../../../../../Github/Pavlov-Maps/Campus/Content/CustomMaps/UGC1774861164/Environment/Landscape/M_Landscape.uasset" 20
"../../../../../Github/Pavlov-Maps/Campus/Content/CustomMaps/UGC1774861164/Environment/Landscape/MI_Landscape.uasset" 21
"../../../../../Github/Pavlov-Maps/Campus/Content/CustomMaps/UGC1774861164/Environment/ModularKit/lambert1.uasset" 22
"../../../../../Github/Pavlov-Maps/Campus/Content/CustomMaps/UGC1774861164/Environment/ModularKit/SM_DoorFrame.uasset" 23
"../../../../../Github/Pavlov-Maps/Campus/Content/CustomMaps/UGC1774861164/Environment/ModularKit/SM_FencePost.uasset" 24
"../../../../../Github/Pavlov-Maps/Campus/Content/CustomMaps/UGC1774861164/Environment/ModularKit/SM_FenceWall.uasset" 25
"../../../../../Github/Pavlov-Maps/Campus/Content/CustomMaps/UGC1774861164/Environment/ModularKit/SM_Floor.uasset" 26
"../../../../../Github/Pavlov-Maps/Campus/Content/CustomMaps/UGC1774861164/Environment/ModularKit/SM_Ledge.uasset" 27
"../../../../../Github/Pavlov-Maps/Campus/Content/CustomMaps/UGC1774861164/Environment/ModularKit/SM_Pillar.uasset" 28
"../../../../../Github/Pavlov-Maps/Campus/Content/CustomMaps/UGC1774861164/Environment/ModularKit/SM_PillarCap.uasset" 29
"../../../../../Github/Pavlov-Maps/Campus/Content/CustomMaps/UGC1774861164/Environment/ModularKit/SM_Stairs.uasset" 30
"../../../../../Github/Pavlov-Maps/Campus/Content/CustomMaps/UGC1774861164/Environment/ModularKit/SM_Wall.uasset" 31
"../../../../../Github/Pavlov-Maps/Campus/Content/CustomMaps/UGC1774861164/Environment/ModularKit/SM_WindowPane.uasset" 32
"../../../../../Github/Pavlov-Maps/Campus/Content/CustomMaps/UGC1774861164/Environment/ModularKit/SM_WindowSill.uasset" 33
"../../../../../Github/Pavlov-Maps/Campus/Content/CustomMaps/UGC1774861164/Environment/Props/lambert1.uasset" 34
"../../../../../Github/Pavlov-Maps/Campus/Content/CustomMaps/UGC1774861164/Environment/Props/lambert11.uasset" 35
"../../../../../Github/Pavlov-Maps/Campus/Content/CustomMaps/UGC1774861164/Environment/Props/lambert20.uasset" 36
"../../../../../Github/Pavlov-Maps/Campus/Content/CustomMaps/UGC1774861164/Environment/Props/LF_Spot.uasset" 37
"../../../../../Github/Pavlov-Maps/Campus/Content/CustomMaps/UGC1774861164/Environment/Props/M_Barrels.uasset" 38
"../../../../../Github/Pavlov-Maps/Campus/Content/CustomMaps/UGC1774861164/Environment/Props/PainterProbs_lambert11_Height.uasset" 39
"../../../../../Github/Pavlov-Maps/Campus/Content/CustomMaps/UGC1774861164/Environment/Props/SM_Barrel1.uasset" 40
"../../../../../Github/Pavlov-Maps/Campus/Content/CustomMaps/UGC1774861164/Environment/Props/SM_Barrel2.uasset" 41
"../../../../../Github/Pavlov-Maps/Campus/Content/CustomMaps/UGC1774861164/Environment/Props/SM_Brick1.uasset" 42
"../../../../../Github/Pavlov-Maps/Campus/Content/CustomMaps/UGC1774861164/Environment/Props/SM_Brick2.uasset" 43
"../../../../../Github/Pavlov-Maps/Campus/Content/CustomMaps/UGC1774861164/Environment/Props/SM_Brick3.uasset" 44
"../../../../../Github/Pavlov-Maps/Campus/Content/CustomMaps/UGC1774861164/Environment/Props/SM_Brick4.uasset" 45
"../../../../../Github/Pavlov-Maps/Campus/Content/CustomMaps/UGC1774861164/Environment/Props/SM_Crate.uasset" 46
"../../../../../Github/Pavlov-Maps/Campus/Content/CustomMaps/UGC1774861164/Environment/Props/SM_Lamp.uasset" 47
"../../../../../Github/Pavlov-Maps/Campus/Content/CustomMaps/UGC1774861164/Environment/Props/SM_LargeCrate.uasset" 48
"../../../../../Github/Pavlov-Maps/Campus/Content/CustomMaps/UGC1774861164/Environment/Props/SM_Pipe.uasset" 49
"../../../../../Github/Pavlov-Maps/Campus/Content/CustomMaps/UGC1774861164/Environment/Props/SM_Plank.uasset" 50
"../../../../../Github/Pavlov-Maps/Campus/Content/CustomMaps/UGC1774861164/Environment/Props/SM_Pot.uasset" 51
"../../../../../Github/Pavlov-Maps/Campus/Content/CustomMaps/UGC1774861164/Environment/Props/SM_Radiator.uasset" 52
"../../../../../Github/Pavlov-Maps/Campus/Content/CustomMaps/UGC1774861164/Environment/Props/SM_Tire.uasset" 53
"../../../../../Github/Pavlov-Maps/Campus/Content/CustomMaps/UGC1774861164/Environment/Props/SM_WallTie.uasset" 54
"../../../../../Github/Pavlov-Maps/Campus/Content/CustomMaps/UGC1774861164/Environment/Props/Containers/containerspainter_M_Barrels_Height.uasset" 55
"../../../../../Github/Pavlov-Maps/Campus/Content/CustomMaps/UGC1774861164/IES/bollard.uasset" 56
"../../../../../Github/Pavlov-Maps/Campus/Content/CustomMaps/UGC1774861164/IES/soft-display.uasset" 57
"../../../../../Github/Pavlov-Maps/Campus/Content/CustomMaps/UGC1774861164/IES/x-arrow.uasset" 58
"../../../../../Github/Pavlov-Maps/Campus/Content/CustomMaps/UGC1774861164/MaterialLibrary/A_Concrete.uasset" 59
"../../../../../Github/Pavlov-Maps/Campus/Content/CustomMaps/UGC1774861164/MaterialLibrary/A_Steel.uasset" 60
"../../../../../Github/Pavlov-Maps/Campus/Content/CustomMaps/UGC1774861164/MaterialLibrary/A_VolcanicRock.uasset" 61
"../../../../../Github/Pavlov-Maps/Campus/Content/CustomMaps/UGC1774861164/MaterialLibrary/A_Brick.uasset" 62
"../../../../../Github/Pavlov-Maps/Campus/Content/CustomMaps/UGC1774861164/MaterialLibrary/N_Brick.uasset" 63
"../../../../../Github/Pavlov-Maps/Campus/Content/CustomMaps/UGC1774861164/MaterialLibrary/M_Triplanar.uasset" 64
"../../../../../Github/Pavlov-Maps/Campus/Content/CustomMaps/UGC1774861164/MaterialLibrary/MI_Brick.uasset" 65
"../../../../../Github/Pavlov-Maps/Campus/Content/CustomMaps/UGC1774861164/Environment/Props/PainterProbs_lambert11_AO.uasset" 66
"../../../../../Github/Pavlov-Maps/Campus/Content/CustomMaps/UGC1774861164/Environment/Props/PainterProbs_lambert11_BaseColor.uasset" 67
"../../../../../Github/Pavlov-Maps/Campus/Content/CustomMaps/UGC1774861164/Environment/Props/PainterProbs_lambert11_Metallic.uasset" 68
"../../../../../Github/Pavlov-Maps/Campus/Content/CustomMaps/UGC1774861164/Environment/Props/PainterProbs_lambert11_Normal.uasset" 69
"../../../../../Github/Pavlov-Maps/Campus/Content/CustomMaps/UGC1774861164/Environment/Props/PainterProbs_lambert11_Roughness.uasset" 70
"../../../../../Github/Pavlov-Maps/Campus/Content/CustomMaps/UGC1774861164/MaterialLibrary/M_Opaque.uasset" 71
"../../../../../Github/Pavlov-Maps/Campus/Content/CustomMaps/UGC1774861164/Environment/Props/Containers/containerspainter_M_Barrels_AO.uasset" 72
"../../../../../Github/Pavlov-Maps/Campus/Content/CustomMaps/UGC1774861164/Environment/Props/Containers/containerspainter_M_Barrels_BaseColor.uasset" 73
"../../../../../Github/Pavlov-Maps/Campus/Content/CustomMaps/UGC1774861164/Environment/Props/Containers/containerspainter_M_Barrels_Metallic.uasset" 74
"../../../../../Github/Pavlov-Maps/Campus/Content/CustomMaps/UGC1774861164/Environment/Props/Containers/containerspainter_M_Barrels_Normal.uasset" 75
"../../../../../Github/Pavlov-Maps/Campus/Content/CustomMaps/UGC1774861164/Environment/Props/Containers/containerspainter_M_Barrels_Roughness.uasset" 76
"../../../../../Github/Pavlov-Maps/Campus/Content/CustomMaps/UGC1774861164/MaterialLibrary/MI_Containers.uasset" 77
"../../../../../Github/Pavlov-Maps/Campus/Content/CustomMaps/UGC1774861164/MaterialLibrary/A_Fence.uasset" 78
"../../../../../Github/Pavlov-Maps/Campus/Content/CustomMaps/UGC1774861164/MaterialLibrary/M_TriplanarCutout.uasset" 79
"../../../../../Github/Pavlov-Maps/Campus/Content/CustomMaps/UGC1774861164/MaterialLibrary/MI_Fence.uasset" 80
"../../../../../Github/Pavlov-Maps/Campus/Content/CustomMaps/UGC1774861164/MaterialLibrary/A_Gravel.uasset" 81
"../../../../../Github/Pavlov-Maps/Campus/Content/CustomMaps/UGC1774861164/MaterialLibrary/N_Gravel.uasset" 82
"../../../../../Github/Pavlov-Maps/Campus/Content/CustomMaps/UGC1774861164/MaterialLibrary/MI_Gravel.uasset" 83
"../../../Engine/Content/Functions/Engine_MaterialFunctions02/SafeNormalize.uasset" 84
"../../../Engine/Content/Functions/Engine_MaterialFunctions02/Math/CreateThirdOrthogonalVector.uasset" 85
"../../../Engine/Content/Functions/Engine_MaterialFunctions02/Utility/BreakOutFloat3Components.uasset" 86
"../../../Engine/Content/Functions/Engine_MaterialFunctions02/Math/Transform3x3Matrix.uasset" 87
"../../../Engine/Content/Functions/Engine_MaterialFunctions02/Utility/BreakOutFloat2Components.uasset" 88
"../../../Engine/Content/Functions/Engine_MaterialFunctions02/Utility/MakeFloat3.uasset" 89
"../../../Engine/Content/Functions/Engine_MaterialFunctions02/ExampleContent/Textures/SphereRenderNormalsMap.uasset" 90
"../../../Engine/Content/Functions/Engine_MaterialFunctions02/WorldAlignedNormals_HighQuality.uasset" 91
"../../../Engine/Content/EngineMaterials/DefaultNormal_Uncompressed.uasset" 92
"../../../Engine/Content/Functions/Engine_MaterialFunctions01/Texturing/WorldAlignedNormal.uasset" 93
"../../../Engine/Content/EngineMaterials/DefaultDiffuse.uasset" 94
"../../../Engine/Content/Functions/Engine_MaterialFunctions01/Texturing/WorldAlignedTexture.uasset" 95
"../../../../../Github/Pavlov-Maps/Campus/Content/CustomMaps/UGC1774861164/MaterialLibrary/A_RockFloor.uasset" 96
"../../../../../Github/Pavlov-Maps/Campus/Content/CustomMaps/UGC1774861164/MaterialLibrary/N_FloorTile.uasset" 97
"../../../../../Github/Pavlov-Maps/Campus/Content/CustomMaps/UGC1774861164/MaterialLibrary/M_BlendableFloor.uasset" 98
"../../../../../Github/Pavlov-Maps/Campus/Content/CustomMaps/UGC1774861164/MaterialLibrary/MI_Ground.uasset" 99
"../../../../../Github/Pavlov-Maps/Campus/Content/CustomMaps/UGC1774861164/Environment/Props/LF_Cookie.uasset" 100
"../../../../../Github/Pavlov-Maps/Campus/Content/CustomMaps/UGC1774861164/MaterialLibrary/M_Emissive.uasset" 101
"../../../../../Github/Pavlov-Maps/Campus/Content/CustomMaps/UGC1774861164/MaterialLibrary/MI_LampLight.uasset" 102
"../../../../../Github/Pavlov-Maps/Campus/Content/CustomMaps/UGC1774861164/MaterialLibrary/A_DirtyConcrete.uasset" 103
"../../../../../Github/Pavlov-Maps/Campus/Content/CustomMaps/UGC1774861164/MaterialLibrary/MI_PaleBrick.uasset" 104
"../../../../../Github/Pavlov-Maps/Campus/Content/CustomMaps/UGC1774861164/MaterialLibrary/A_Planks.uasset" 105
"../../../../../Github/Pavlov-Maps/Campus/Content/CustomMaps/UGC1774861164/MaterialLibrary/N_Planks.uasset" 106
"../../../../../Github/Pavlov-Maps/Campus/Content/CustomMaps/UGC1774861164/MaterialLibrary/MI_Planks.uasset" 107
"../../../../../Github/Pavlov-Maps/Campus/Content/CustomMaps/UGC1774861164/MaterialLibrary/A_Plaster.uasset" 108
"../../../../../Github/Pavlov-Maps/Campus/Content/CustomMaps/UGC1774861164/MaterialLibrary/MI_Plaster.uasset" 109
"../../../../../Github/Pavlov-Maps/Campus/Content/CustomMaps/UGC1774861164/MaterialLibrary/MI_Props.uasset" 110
"../../../../../Github/Pavlov-Maps/Campus/Content/CustomMaps/UGC1774861164/MaterialLibrary/A_Wood.uasset" 111
"../../../../../Github/Pavlov-Maps/Campus/Content/CustomMaps/UGC1774861164/MaterialLibrary/N_Wood.uasset" 112
"../../../../../Github/Pavlov-Maps/Campus/Content/CustomMaps/UGC1774861164/MaterialLibrary/MI_Wood.uasset" 113
"../../../../../Github/Pavlov-Maps/Campus/Content/CustomMaps/UGC1774861164/MaterialLibrary/A_YellowBrick.uasset" 114
"../../../../../Github/Pavlov-Maps/Campus/Content/CustomMaps/UGC1774861164/MaterialLibrary/N_YellowBrick.uasset" 115
"../../../../../Github/Pavlov-Maps/Campus/Content/CustomMaps/UGC1774861164/MaterialLibrary/MI_YellowBrick.uasset" 116
"../../../../../Github/Pavlov-Maps/Campus/Content/CustomMaps/UGC1774861164/MaterialLibrary/M_Foliage.uasset" 117
"../../../../../Github/Pavlov-Maps/Campus/Content/CustomMaps/UGC1774861164/MaterialLibrary/E_Gradient.uasset" 118
"../../../../../Github/Pavlov-Maps/Campus/Content/CustomMaps/UGC1774861164/MaterialLibrary/M_Volumetrics.uasset" 119
"../../../../../Github/Pavlov-Maps/Campus/Content/CustomMaps/UGC1774861164/MaterialLibrary/N_Concrete.uasset" 120
"../../../../../Github/Pavlov-Maps/Campus/Content/CustomMaps/UGC1774861164/MaterialLibrary/N_Steel.uasset" 121
"../../../Engine/Content/Functions/Engine_MaterialFunctions01/Opacity/CameraDepthFade.uasset" 122
"../../../Engine/Content/EngineMaterials/T_Default_Material_Grid_M.uasset" 123
"../../../Engine/Content/EngineMaterials/T_Default_Material_Grid_N.uasset" 124
"../../../Engine/Content/EngineMaterials/WorldGridMaterial.uasset" 125
"../../../Engine/Content/ArtTools/RenderToTexture/Meshes/S_1_Unit_Plane.uasset" 126
"../../../Engine/Content/EngineMaterials/DefaultMaterial.uasset" 127
"../../../Engine/Content/BasicShapes/Cone.uasset" 128
"../../../Engine/Content/BasicShapes/Cube.uasset" 129
"../../../Engine/Content/BasicShapes/Cylinder.uasset" 130
"../../../Engine/Content/BasicShapes/Plane.uasset" 131
"../../../Engine/Content/BasicShapes/Sphere.uasset" 132
"../../../Engine/Content/EditorLandscapeResources/DataLayer.uasset" 133
"../../../Engine/Content/EditorMaterials/GizmoMaterial.uasset" 134
"../../../Engine/Content/EditorMaterials/MAT_Groups_Toggle.uasset" 135
"../../../Engine/Content/EditorMaterials/MAT_Groups_Visibility.uasset" 136
"../../../Engine/Content/EditorMaterials/PreviewShadowIndicator.uasset" 137
"../../../Engine/Content/EditorMaterials/PreviewShadowIndicatorMaterial.uasset" 138
"../../../Engine/Content/EditorMaterials/MatineeGroups/MAT_ColorTrack.uasset" 139
"../../../Engine/Content/EditorMaterials/MatineeGroups/MAT_Groups_Anim.uasset" 140
"../../../Engine/Content/EditorMaterials/MatineeGroups/MAT_Groups_AudioMaster.uasset" 141
"../../../Engine/Content/EditorMaterials/MatineeGroups/MAT_Groups_Director.uasset" 142
"../../../Engine/Content/EditorMaterials/MatineeGroups/MAT_Groups_Event.uasset" 143
"../../../Engine/Content/EditorMaterials/MatineeGroups/MAT_Groups_Fade.uasset" 144
"../../../Engine/Content/EditorMaterials/MatineeGroups/MAT_Groups_Float.uasset" 145
"../../../Engine/Content/EditorMaterials/MatineeGroups/MAT_Groups_Move.uasset" 146
"../../../Engine/Content/EditorMaterials/MatineeGroups/MAT_Groups_Slomo.uasset" 147
"../../../Engine/Content/EditorMaterials/MatineeGroups/MAT_Groups_Sound.uasset" 148
"../../../Engine/Content/EditorMaterials/MatineeGroups/MAT_Groups_Vector.uasset" 149
"../../../Engine/Content/EditorMaterials/ParticleSystems/PSysThumbnail_NoImage.uasset" 150
"../../../Engine/Content/EditorMaterials/ParticleSystems/PSysThumbnail_OOD.uasset" 151
"../../../Engine/Content/EditorMaterials/Camera/CineMat.uasset" 152
"../../../Engine/Content/EditorMaterials/Camera/MI_CineMat_Rig.uasset" 153
"../../../Engine/Content/EditorMeshes/Camera/SM_CraneRig_Arm.uasset" 154
"../../../Engine/Content/EditorMeshes/Camera/SM_CraneRig_Base.uasset" 155
"../../../Engine/Content/EditorMeshes/Camera/SM_CraneRig_Body.uasset" 156
"../../../Engine/Content/EditorMeshes/Camera/SM_CraneRig_Mount.uasset" 157
"../../../Engine/Content/EditorMeshes/Camera/SM_RailRig_Mount.uasset" 158
"../../../Engine/Content/EditorMeshes/Camera/SM_RailRig_Track.uasset" 159
"../../../Engine/Content/EditorResources/BSPVertex.uasset" 160
"../../../Engine/Content/EditorResources/EmptyActor.uasset" 161
"../../../Engine/Content/EditorResources/S_Actor.uasset" 162
"../../../Engine/Content/EditorResources/S_Trigger.uasset" 163
"../../../Engine/Content/EditorResources/LightIcons/S_LightError.uasset" 164
"../../../Engine/Content/EditorResources/SequenceRecorder/Countdown.uasset" 165
"../../../Engine/Content/EditorResources/SequenceRecorder/RecordingIndicator.uasset" 166
"../../../Engine/Content/EditorSounds/Notifications/CompileFailed.uasset" 167
"../../../Engine/Content/EditorSounds/Notifications/CompileFailed_Cue.uasset" 168
"../../../Engine/Content/EditorSounds/Notifications/CompileSuccess.uasset" 169
"../../../Engine/Content/EditorSounds/Notifications/CompileStart_Cue.uasset" 170
"../../../Engine/Content/EditorSounds/Notifications/CompileSuccess_Cue.uasset" 171
"../../../Engine/Content/EngineDamageTypes/DmgTypeBP_Environmental.uasset" 172
"../../../Engine/Content/EngineDebugMaterials/HeatmapGradient.uasset" 173
"../../../Engine/Content/EngineDebugMaterials/BoneWeightMaterial.uasset" 174
"../../../Engine/Content/EngineDebugMaterials/ClothMaterial.uasset" 175
"../../../Engine/Content/EngineDebugMaterials/ClothMaterial_WF.uasset" 176
"../../../Engine/Content/EngineDebugMaterials/DebugEditorMaterial.uasset" 177
"../../../Engine/Content/EngineDebugMaterials/DebugMeshMaterial.uasset" 178
"../../../Engine/Content/EngineDebugMaterials/GeomMaterial.uasset" 179
"../../../Engine/Content/EngineDebugMaterials/M_SimpleTranslucent.uasset" 180
"../../../Engine/Content/EngineFonts/Faces/RobotoBold.uasset" 181
"../../../Engine/Content/EngineFonts/Faces/RobotoBoldItalic.uasset" 182
"../../../Engine/Content/EngineFonts/Faces/RobotoItalic.uasset" 183
"../../../Engine/Content/EngineFonts/Faces/RobotoLight.uasset" 184
"../../../Engine/Content/EngineFonts/Faces/RobotoRegular.uasset" 185
"../../../Engine/Content/EngineFonts/Roboto.uasset" 186
"../../../Engine/Content/EngineFonts/Faces/RobotoTiny.uasset" 187
"../../../Engine/Content/EngineFonts/RobotoTiny.uasset" 188
"../../../Engine/Content/EngineMaterials/BaseFlattenDiffuseMap.uasset" 189
"../../../Engine/Content/EngineMaterials/BaseFlattenEmissiveMap.uasset" 190
"../../../Engine/Content/EngineMaterials/BaseFlattenGrayscaleMap.uasset" 191
"../../../Engine/Content/EngineMaterials/BaseFlattenNormalMap.uasset" 192
"../../../Engine/Content/EngineMaterials/BaseFlattenMaterial.uasset" 193
"../../../Engine/Content/EngineMaterials/DefaultBloomKernel.uasset" 194
"../../../Engine/Content/EngineMaterials/DefaultBokeh.uasset" 195
"../../../Engine/Content/EngineMaterials/DefaultDeferredDecalMaterial.uasset" 196
"../../../Engine/Content/EngineMaterials/DefaultLightFunctionMaterial.uasset" 197
"../../../Engine/Content/EngineMaterials/DefaultPostProcessMaterial.uasset" 198
"../../../Engine/Content/EngineFonts/RobotoDistanceField.uasset" 199
"../../../Engine/Content/EngineMaterials/DefaultTextMaterialOpaque.uasset" 200
"../../../Engine/Content/EngineMaterials/DefaultWhiteGrid.uasset" 201
"../../../Engine/Content/EngineMaterials/EditorBrushMaterial.uasset" 202
"../../../Engine/Content/EngineMaterials/Good64x64TilingNoiseHighFreq.uasset" 203
"../../../Engine/Content/EngineMaterials/MiniFont.uasset" 204
"../../../Engine/Content/EngineMaterials/InvalidLightmapSettings.uasset" 205
"../../../Engine/Content/EngineMaterials/M_InvalidLightmapSettings.uasset" 206
"../../../Engine/Content/Functions/Engine_MaterialFunctions02/WorldPositionOffset/CameraOffset.uasset" 207
"../../../Engine/Content/EngineMaterials/PhAT_JointLimitMaterial.uasset" 208
"../../../Engine/Content/EngineMaterials/PreintegratedSkinBRDF.uasset" 209
"../../../Engine/Content/EngineMaterials/RemoveSurfaceMaterial.uasset" 210
"../../../Engine/Content/EngineMaterials/WeightMapPlaceholderTexture.uasset" 211
"../../../Engine/Content/EngineResources/WhiteSquareTexture.uasset" 212
"../../../Engine/Content/EngineMaterials/Widget3DPassThrough.uasset" 213
"../../../Engine/Content/EngineMaterials/Widget3DPassThrough_Masked.uasset" 214
"../../../Engine/Content/EngineMaterials/Widget3DPassThrough_Opaque.uasset" 215
"../../../Engine/Content/EngineMaterials/Widget3DPassThrough_Masked_OneSided.uasset" 216
"../../../Engine/Content/EngineMaterials/Widget3DPassThrough_Opaque_OneSided.uasset" 217
"../../../Engine/Content/EngineMaterials/Widget3DPassThrough_Translucent.uasset" 218
"../../../Engine/Content/EngineMaterials/Widget3DPassThrough_Translucent_OneSided.uasset" 219
"../../../Engine/Content/EngineMeshes/Cylinder.uasset" 220
"../../../Engine/Content/EngineMeshes/Sphere.uasset" 221
"../../../Engine/Content/EngineResources/Black.uasset" 222
"../../../Engine/Content/EngineResources/DefaultTexture.uasset" 223
"../../../Engine/Content/EngineResources/DefaultTextureCube.uasset" 224
"../../../Engine/Content/EngineResources/DefaultVolumeTexture2D.uasset" 225
"../../../Engine/Content/EngineResources/DefaultVolumeTexture.uasset" 226
"../../../Engine/Content/EngineResources/GradientTexture0.uasset" 227
"../../../Engine/Content/EngineSounds/Master.uasset" 228
"../../../Engine/Content/Functions/Engine_MaterialFunctions01/Shading/ConvertFromDiffSpec.uasset" 229
"../../../Engine/Content/Functions/Engine_MaterialFunctions01/Shading/PowerToRoughness.uasset" 230
"../../../Engine/Content/Maps/Templates/Thumbnails/Default.uasset" 231
"../../../Engine/Content/Maps/Templates/Thumbnails/VR-Basic.uasset" 232
"../../../Engine/Content/MobileResources/T_MobileControls_texture.uasset" 233
"../../../Engine/Content/MobileResources/T_MobileMenu2.uasset" 234
"../../../Engine/Content/MobileResources/HUD/AnalogHat.uasset" 235
"../../../Engine/Content/MobileResources/HUD/VirtualJoystick_Background.uasset" 236
"../../../Engine/Content/MobileResources/HUD/VirtualJoystick_Thumb.uasset" 237
"../../../Engine/Content/MobileResources/HUD/DefaultVirtualJoysticks.uasset" 238
"../../../Engine/Content/MobileResources/HUD/LeftVirtualJoystickOnly.uasset" 239
"../../../Engine/Content/MobileResources/HUD/MobileHUDButton1_off.uasset" 240
"../../../Engine/Content/MobileResources/HUD/MobileHUDButton1_on.uasset" 241
"../../../Engine/Content/MobileResources/HUD/MobileHUDButton2_off.uasset" 242
"../../../Engine/Content/MobileResources/HUD/MobileHUDButton2_on.uasset" 243
"../../../Engine/Content/MobileResources/HUD/MobileHUDButton3.uasset" 244
"../../../Engine/Content/MobileResources/HUD/MobileHUDButtonFire.uasset" 245
"../../../Engine/Content/MobileResources/HUD/MobileHUDDirectionPad.uasset" 246
"../../../Engine/Content/MobileResources/HUD/MobileHUDDirectionPad2.uasset" 247
"../../../Engine/Content/MobileResources/HUD/MobileHUDDirectionPad3.uasset" 248
"../../../Engine/Content/MobileResources/HUD/MobileHUDDirectionStick.uasset" 249
"../../../Engine/Content/MobileResources/HUD/T_Castle_ThumbstickInner.uasset" 250
"../../../Engine/Content/MobileResources/HUD/T_Castle_ThumbstickOutter.uasset" 251
"../../../Engine/Content/Tutorial/ContentIntroCurve.uasset" 252
"../../../Engine/Content/VREditor/LaserPointer/VR_LaserPower_01.uasset" 253
"../../../Engine/Content/VREditor/TransformGizmo/TransformGizmoMaterial.uasset" 254
"../../../Engine/Content/VREditor/TransformGizmo/TranslucentTransformGizmoMaterial.uasset" 255
"../../../Engine/Content/VREditor/TransformGizmo/BoundingBoxCorner.uasset" 256
"../../../Engine/Content/VREditor/TransformGizmo/BoundingBoxEdge.uasset" 257
"../../../Engine/Content/VREditor/TransformGizmo/PlaneTranslationHandle.uasset" 258
"../../../Engine/Content/VREditor/TransformGizmo/Main.uasset" 259
"../../../Engine/Content/VREditor/TransformGizmo/Xray.uasset" 260
"../../../Engine/Content/VREditor/TransformGizmo/SM_Sequencer_Key.uasset" 261
"../../../Engine/Content/VREditor/TransformGizmo/SM_Sequencer_Node.uasset" 262
"../../Plugins/2D/Paper2D/Content/PlaceholderTextures/DummySpriteTexture.uasset" 263
"../../Plugins/2D/Paper2D/Content/DummySprite.uasset" 264
"../../Plugins/2D/Paper2D/Content/DefaultPaperTerrainMaterial.uasset" 265
"../../Plugins/2D/Paper2D/Content/DefaultSpriteMaterial.uasset" 266
"../../Plugins/2D/Paper2D/Content/MaskedUnlitSpriteMaterial.uasset" 267
"../../Plugins/2D/Paper2D/Content/OpaqueUnlitSpriteMaterial.uasset" 268
"../../Plugins/Runtime/Oculus/OculusVR/Content/Materials/PokeAHoleMaterial.uasset" 269
"../../Plugins/Runtime/Oculus/OculusVR/Content/Textures/GearVRController_AO.uasset" 270
"../../Plugins/Runtime/Oculus/OculusVR/Content/Textures/GearVRController_Color.uasset" 271
"../../Plugins/Runtime/Oculus/OculusVR/Content/Textures/GearVRController_Normal.uasset" 272
"../../Plugins/Runtime/Oculus/OculusVR/Content/Materials/GearVRControllerMaterial.uasset" 273
"../../Plugins/Runtime/Oculus/OculusVR/Content/Meshes/GearVrController.uasset" 274
"../../Plugins/Runtime/Oculus/OculusVR/Content/Textures/touchController_albedo.uasset" 275
"../../Plugins/Runtime/Oculus/OculusVR/Content/Textures/touchController_controlmap.uasset" 276
"../../Plugins/Runtime/Oculus/OculusVR/Content/Materials/touchController_mat.uasset" 277
"../../Plugins/Runtime/Oculus/OculusVR/Content/Meshes/LeftTouchController.uasset" 278
"../../Plugins/Runtime/Oculus/OculusVR/Content/Meshes/RiftHMD.uasset" 279
"../../Plugins/Runtime/Oculus/OculusVR/Content/Meshes/RightTouchController.uasset" 280
"../../../../../Github/Pavlov-Maps/Campus/Plugins/CustomMapTools/Content/Materials/M_EditorMesh.uasset" 281
"../../../../../Github/Pavlov-Maps/Campus/Plugins/CustomMapTools/Content/Meshes/SM_FlagCap.uasset" 282
"../../../../../Github/Pavlov-Maps/Campus/Plugins/CustomMapTools/Content/Blueprints/BP_CTFProxy.uasset" 283
"../../../Engine/Content/EditorBlueprintResources/StandardMacros.uasset" 284
"../../../../../Github/Pavlov-Maps/Campus/Plugins/CustomMapTools/Content/Blueprints/BP_LootSpawnerProxy.uasset" 285
"../../../../../Github/Pavlov-Maps/Campus/Plugins/CustomMapTools/Content/Meshes/SM_Bomb_Plant_01.uasset" 286
"../../../../../Github/Pavlov-Maps/Campus/Plugins/CustomMapTools/Content/PhysicalMaterials/PM_Default_Carpet.uasset" 287
"../../../../../Github/Pavlov-Maps/Campus/Plugins/CustomMapTools/Content/PhysicalMaterials/PM_Default_Concrete.uasset" 288
"../../../../../Github/Pavlov-Maps/Campus/Plugins/CustomMapTools/Content/PhysicalMaterials/PM_Default_Dirt.uasset" 289
"../../../../../Github/Pavlov-Maps/Campus/Plugins/CustomMapTools/Content/PhysicalMaterials/PM_Default_Fabric.uasset" 290
"../../../../../Github/Pavlov-Maps/Campus/Plugins/CustomMapTools/Content/PhysicalMaterials/PM_Default_Flesh.uasset" 291
"../../../../../Github/Pavlov-Maps/Campus/Plugins/CustomMapTools/Content/PhysicalMaterials/PM_Default_Glass.uasset" 292
"../../../../../Github/Pavlov-Maps/Campus/Plugins/CustomMapTools/Content/PhysicalMaterials/PM_Default_Metal.uasset" 293
"../../../../../Github/Pavlov-Maps/Campus/Plugins/CustomMapTools/Content/PhysicalMaterials/PM_Default_Water.uasset" 294
"../../../../../Github/Pavlov-Maps/Campus/Plugins/CustomMapTools/Content/PhysicalMaterials/PM_Default_Wood.uasset" 295
"../../../../../Github/Pavlov-Maps/Campus/Plugins/CustomMapTools/Content/PhysicalMaterials/PM_ForceNone.uasset" 296
"../../../../../Github/Pavlov-Maps/Campus/Plugins/CustomMapTools/Content/PhysicalMaterials/Thin/PM_Default_Carpet_Thin.uasset" 297
"../../../../../Github/Pavlov-Maps/Campus/Plugins/CustomMapTools/Content/PhysicalMaterials/Thin/PM_Default_Concrete_Thin.uasset" 298
"../../../../../Github/Pavlov-Maps/Campus/Plugins/CustomMapTools/Content/PhysicalMaterials/Thin/PM_Default_Dirt_Thin.uasset" 299
"../../../../../Github/Pavlov-Maps/Campus/Plugins/CustomMapTools/Content/PhysicalMaterials/Thin/PM_Default_Fabric_Thin.uasset" 300
"../../../../../Github/Pavlov-Maps/Campus/Plugins/CustomMapTools/Content/PhysicalMaterials/Thin/PM_Default_Flesh_Thin.uasset" 301
"../../../../../Github/Pavlov-Maps/Campus/Plugins/CustomMapTools/Content/PhysicalMaterials/Thin/PM_Default_Glass_Thin.uasset" 302
"../../../../../Github/Pavlov-Maps/Campus/Plugins/CustomMapTools/Content/PhysicalMaterials/Thin/PM_Default_Metal_Thin.uasset" 303
"../../../../../Github/Pavlov-Maps/Campus/Plugins/CustomMapTools/Content/PhysicalMaterials/Thin/PM_Default_Water_Thin.uasset" 304
"../../../../../Github/Pavlov-Maps/Campus/Plugins/CustomMapTools/Content/PhysicalMaterials/Thin/PM_Default_Wood_Thin.uasset" 305
"../../../../../Github/Pavlov-Maps/Campus/Content/CustomMaps/UGC1774861164/Campus.umap" 306
"../../../Engine/Content/Maps/Entry_BuiltData.uasset" 307
"../../../Engine/Content/Maps/Entry.umap" 308
"../../../Engine/Content/EngineSky/C_Sky_Cloud_Color.uasset" 309
"../../../Engine/Content/EngineSky/C_Sky_Horizon_Color.uasset" 310
"../../../Engine/Content/EngineSky/C_Sky_Zenith_Color.uasset" 311
"../../../Engine/Content/EngineSky/T_Sky_Blue.uasset" 312
"../../../Engine/Content/EngineSky/T_Sky_Clouds_M.uasset" 313
"../../../Engine/Content/EngineSky/T_Sky_Stars.uasset" 314
"../../../Engine/Content/EngineSky/M_Sky_Panning_Clouds2.uasset" 315
"../../../Engine/Content/EngineSky/SM_SkySphere.uasset" 316
"../../../Engine/Content/EngineSky/BP_Sky_Sphere.uasset" 317
"../../../Engine/Content/Maps/Templates/Template_Default_BuiltData.uasset" 318
"../../../Engine/Content/MapTemplates/SM_Template_Map_Floor.uasset" 319
"../../../Engine/Content/Maps/Templates/Template_Default.umap" 320
"../../../Engine/Content/EditorBlueprintResources/ActorMacros.uasset" 321
"../../../../../Github/Pavlov-Maps/Campus/Plugins/CustomMapTools/Content/Blueprints/BPFL_PavlovTemplate.uasset" 322
"../../../../../Github/Pavlov-Maps/Campus/Plugins/CustomMapTools/Content/Blueprints/BPI_MatchRounds.uasset" 323
"../../../../../Github/Pavlov-Maps/Campus/Plugins/CustomMapTools/Content/Blueprints/Pavlov_GameLogic_Example.uasset" 324
"../../../../../Github/Pavlov-Maps/Campus/Plugins/CustomMapTools/Content/Materials/M_Gray.uasset" 325
"../../../../../Github/Pavlov-Maps/Campus/Plugins/CustomMapTools/Content/Meshes/SM_DoorExample.uasset" 326
"../../../../../Github/Pavlov-Maps/Campus/Plugins/CustomMapTools/Content/Meshes/SM_DoorExample_DM.uasset" 327
"../../../../../Github/Pavlov-Maps/Campus/Plugins/CustomMapTools/Content/Blueprints/BP_Destructible.uasset" 328
"../../../../../Github/Pavlov-Maps/Campus/Plugins/CustomMapTools/Content/Blueprints/BP_Door.uasset" 329
"../../../Engine/Content/EngineMaterials/DefaultPhysicalMaterial.uasset" 330
"../../../../../Github/Pavlov-Maps/Campus/Plugins/CustomMapTools/Content/ModExampleMap.umap" 331
