"../../../Engine/Content/Functions/Engine_MaterialFunctions01/Opacity/CameraDepthFade.uasset" 0
"../../../Engine/Content/EngineMaterials/T_Default_Material_Grid_M.uasset" 1
"../../../Engine/Content/EngineMaterials/T_Default_Material_Grid_N.uasset" 2
"../../../Engine/Content/EngineMaterials/WorldGridMaterial.uasset" 3
"../../../Engine/Content/ArtTools/RenderToTexture/Meshes/S_1_Unit_Plane.uasset" 4
"../../../Engine/Content/EngineMaterials/DefaultMaterial.uasset" 5
"../../../Engine/Content/BasicShapes/Cone.uasset" 6
"../../../Engine/Content/BasicShapes/Cube.uasset" 7
"../../../Engine/Content/BasicShapes/Cylinder.uasset" 8
"../../../Engine/Content/BasicShapes/Plane.uasset" 9
"../../../Engine/Content/BasicShapes/Sphere.uasset" 10
"../../../Engine/Content/EditorLandscapeResources/DataLayer.uasset" 11
"../../../Engine/Content/EditorMaterials/GizmoMaterial.uasset" 12
"../../../Engine/Content/EditorMaterials/MAT_Groups_Toggle.uasset" 13
"../../../Engine/Content/EditorMaterials/MAT_Groups_Visibility.uasset" 14
"../../../Engine/Content/EditorMaterials/PreviewShadowIndicator.uasset" 15
"../../../Engine/Content/EditorMaterials/PreviewShadowIndicatorMaterial.uasset" 16
"../../../Engine/Content/EditorMaterials/MatineeGroups/MAT_ColorTrack.uasset" 17
"../../../Engine/Content/EditorMaterials/MatineeGroups/MAT_Groups_Anim.uasset" 18
"../../../Engine/Content/EditorMaterials/MatineeGroups/MAT_Groups_AudioMaster.uasset" 19
"../../../Engine/Content/EditorMaterials/MatineeGroups/MAT_Groups_Director.uasset" 20
"../../../Engine/Content/EditorMaterials/MatineeGroups/MAT_Groups_Event.uasset" 21
"../../../Engine/Content/EditorMaterials/MatineeGroups/MAT_Groups_Fade.uasset" 22
"../../../Engine/Content/EditorMaterials/MatineeGroups/MAT_Groups_Float.uasset" 23
"../../../Engine/Content/EditorMaterials/MatineeGroups/MAT_Groups_Move.uasset" 24
"../../../Engine/Content/EditorMaterials/MatineeGroups/MAT_Groups_Slomo.uasset" 25
"../../../Engine/Content/EditorMaterials/MatineeGroups/MAT_Groups_Sound.uasset" 26
"../../../Engine/Content/EditorMaterials/MatineeGroups/MAT_Groups_Vector.uasset" 27
"../../../Engine/Content/EditorMaterials/ParticleSystems/PSysThumbnail_NoImage.uasset" 28
"../../../Engine/Content/EditorMaterials/ParticleSystems/PSysThumbnail_OOD.uasset" 29
"../../../Engine/Content/EditorMaterials/Camera/CineMat.uasset" 30
"../../../Engine/Content/EditorMaterials/Camera/MI_CineMat_Rig.uasset" 31
"../../../Engine/Content/EditorMeshes/Camera/SM_CraneRig_Arm.uasset" 32
"../../../Engine/Content/EditorMeshes/Camera/SM_CraneRig_Base.uasset" 33
"../../../Engine/Content/EditorMeshes/Camera/SM_CraneRig_Body.uasset" 34
"../../../Engine/Content/EditorMeshes/Camera/SM_CraneRig_Mount.uasset" 35
"../../../Engine/Content/EditorMeshes/Camera/SM_RailRig_Mount.uasset" 36
"../../../Engine/Content/EditorMeshes/Camera/SM_RailRig_Track.uasset" 37
"../../../Engine/Content/EditorResources/BSPVertex.uasset" 38
"../../../Engine/Content/EditorResources/EmptyActor.uasset" 39
"../../../Engine/Content/EditorResources/S_Actor.uasset" 40
"../../../Engine/Content/EditorResources/S_Trigger.uasset" 41
"../../../Engine/Content/EditorResources/LightIcons/S_LightError.uasset" 42
"../../../Engine/Content/EditorResources/SequenceRecorder/Countdown.uasset" 43
"../../../Engine/Content/EditorResources/SequenceRecorder/RecordingIndicator.uasset" 44
"../../../Engine/Content/EditorSounds/Notifications/CompileFailed.uasset" 45
"../../../Engine/Content/EditorSounds/Notifications/CompileFailed_Cue.uasset" 46
"../../../Engine/Content/EditorSounds/Notifications/CompileSuccess.uasset" 47
"../../../Engine/Content/EditorSounds/Notifications/CompileStart_Cue.uasset" 48
"../../../Engine/Content/EditorSounds/Notifications/CompileSuccess_Cue.uasset" 49
"../../../Engine/Content/EngineDamageTypes/DmgTypeBP_Environmental.uasset" 50
"../../../Engine/Content/EngineDebugMaterials/HeatmapGradient.uasset" 51
"../../../Engine/Content/EngineDebugMaterials/BoneWeightMaterial.uasset" 52
"../../../Engine/Content/EngineDebugMaterials/ClothMaterial.uasset" 53
"../../../Engine/Content/EngineDebugMaterials/ClothMaterial_WF.uasset" 54
"../../../Engine/Content/EngineDebugMaterials/DebugEditorMaterial.uasset" 55
"../../../Engine/Content/EngineDebugMaterials/DebugMeshMaterial.uasset" 56
"../../../Engine/Content/EngineDebugMaterials/GeomMaterial.uasset" 57
"../../../Engine/Content/EngineDebugMaterials/M_SimpleTranslucent.uasset" 58
"../../../Engine/Content/EngineFonts/Faces/RobotoBold.uasset" 59
"../../../Engine/Content/EngineFonts/Faces/RobotoBoldItalic.uasset" 60
"../../../Engine/Content/EngineFonts/Faces/RobotoItalic.uasset" 61
"../../../Engine/Content/EngineFonts/Faces/RobotoLight.uasset" 62
"../../../Engine/Content/EngineFonts/Faces/RobotoRegular.uasset" 63
"../../../Engine/Content/EngineFonts/Faces/RobotoTiny.uasset" 64
"../../../Engine/Content/EngineMaterials/BaseFlattenDiffuseMap.uasset" 65
"../../../Engine/Content/EngineMaterials/BaseFlattenEmissiveMap.uasset" 66
"../../../Engine/Content/EngineMaterials/BaseFlattenGrayscaleMap.uasset" 67
"../../../Engine/Content/EngineMaterials/BaseFlattenNormalMap.uasset" 68
"../../../Engine/Content/EngineMaterials/BaseFlattenMaterial.uasset" 69
"../../../Engine/Content/EngineMaterials/DefaultBloomKernel.uasset" 70
"../../../Engine/Content/EngineMaterials/DefaultBokeh.uasset" 71
"../../../Engine/Content/EngineMaterials/DefaultDiffuse.uasset" 72
"../../../Engine/Content/EngineMaterials/DefaultDeferredDecalMaterial.uasset" 73
"../../../Engine/Content/EngineMaterials/DefaultLightFunctionMaterial.uasset" 74
"../../../Engine/Content/EngineMaterials/DefaultPhysicalMaterial.uasset" 75
"../../../Engine/Content/Functions/Engine_MaterialFunctions02/Utility/BreakOutFloat2Components.uasset" 76
"../../../Engine/Content/EngineMaterials/DefaultPostProcessMaterial.uasset" 77
"../../../Engine/Content/EngineMaterials/DefaultTextMaterialOpaque.uasset" 78
"../../../Engine/Content/EngineMaterials/DefaultWhiteGrid.uasset" 79
"../../../Engine/Content/EngineMaterials/EditorBrushMaterial.uasset" 80
"../../../Engine/Content/EngineMaterials/Good64x64TilingNoiseHighFreq.uasset" 81
"../../../Engine/Content/EngineMaterials/MiniFont.uasset" 82
"../../../Engine/Content/EngineMaterials/InvalidLightmapSettings.uasset" 83
"../../../Engine/Content/EngineMaterials/M_InvalidLightmapSettings.uasset" 84
"../../../Engine/Content/Functions/Engine_MaterialFunctions02/WorldPositionOffset/CameraOffset.uasset" 85
"../../../Engine/Content/EngineMaterials/PhAT_JointLimitMaterial.uasset" 86
"../../../Engine/Content/EngineMaterials/PreintegratedSkinBRDF.uasset" 87
"../../../Engine/Content/EngineMaterials/RemoveSurfaceMaterial.uasset" 88
"../../../Engine/Content/EngineMaterials/WeightMapPlaceholderTexture.uasset" 89
"../../../Engine/Content/EngineResources/WhiteSquareTexture.uasset" 90
"../../../Engine/Content/EngineMaterials/Widget3DPassThrough.uasset" 91
"../../../Engine/Content/EngineMaterials/Widget3DPassThrough_Masked.uasset" 92
"../../../Engine/Content/EngineMaterials/Widget3DPassThrough_Opaque.uasset" 93
"../../../Engine/Content/EngineMaterials/Widget3DPassThrough_Masked_OneSided.uasset" 94
"../../../Engine/Content/EngineMaterials/Widget3DPassThrough_Opaque_OneSided.uasset" 95
"../../../Engine/Content/EngineMaterials/Widget3DPassThrough_Translucent.uasset" 96
"../../../Engine/Content/EngineMaterials/Widget3DPassThrough_Translucent_OneSided.uasset" 97
"../../../Engine/Content/EngineMeshes/Cube.uasset" 98
"../../../Engine/Content/EngineMeshes/Cylinder.uasset" 99
"../../../Engine/Content/EngineMeshes/Sphere.uasset" 100
"../../../Engine/Content/EngineResources/Black.uasset" 101
"../../../Engine/Content/EngineResources/DefaultTexture.uasset" 102
"../../../Engine/Content/EngineResources/DefaultTextureCube.uasset" 103
"../../../Engine/Content/EngineResources/DefaultVolumeTexture2D.uasset" 104
"../../../Engine/Content/EngineResources/DefaultVolumeTexture.uasset" 105
"../../../Engine/Content/EngineResources/GradientTexture0.uasset" 106
"../../../Engine/Content/EngineSounds/Master.uasset" 107
"../../../Engine/Content/Functions/Engine_MaterialFunctions01/Shading/ConvertFromDiffSpec.uasset" 108
"../../../Engine/Content/Functions/Engine_MaterialFunctions01/Shading/PowerToRoughness.uasset" 109
"../../../Engine/Content/Maps/Templates/Thumbnails/Default.uasset" 110
"../../../Engine/Content/Maps/Templates/Thumbnails/VR-Basic.uasset" 111
"../../../Engine/Content/MobileResources/T_MobileControls_texture.uasset" 112
"../../../Engine/Content/MobileResources/T_MobileMenu2.uasset" 113
"../../../Engine/Content/MobileResources/HUD/AnalogHat.uasset" 114
"../../../Engine/Content/MobileResources/HUD/VirtualJoystick_Background.uasset" 115
"../../../Engine/Content/MobileResources/HUD/VirtualJoystick_Thumb.uasset" 116
"../../../Engine/Content/MobileResources/HUD/DefaultVirtualJoysticks.uasset" 117
"../../../Engine/Content/MobileResources/HUD/LeftVirtualJoystickOnly.uasset" 118
"../../../Engine/Content/MobileResources/HUD/MobileHUDButton1_off.uasset" 119
"../../../Engine/Content/MobileResources/HUD/MobileHUDButton1_on.uasset" 120
"../../../Engine/Content/MobileResources/HUD/MobileHUDButton2_off.uasset" 121
"../../../Engine/Content/MobileResources/HUD/MobileHUDButton2_on.uasset" 122
"../../../Engine/Content/MobileResources/HUD/MobileHUDButton3.uasset" 123
"../../../Engine/Content/MobileResources/HUD/MobileHUDButtonFire.uasset" 124
"../../../Engine/Content/MobileResources/HUD/MobileHUDDirectionPad.uasset" 125
"../../../Engine/Content/MobileResources/HUD/MobileHUDDirectionPad2.uasset" 126
"../../../Engine/Content/MobileResources/HUD/MobileHUDDirectionPad3.uasset" 127
"../../../Engine/Content/MobileResources/HUD/MobileHUDDirectionStick.uasset" 128
"../../../Engine/Content/MobileResources/HUD/T_Castle_ThumbstickInner.uasset" 129
"../../../Engine/Content/MobileResources/HUD/T_Castle_ThumbstickOutter.uasset" 130
"../../../Engine/Content/Tutorial/ContentIntroCurve.uasset" 131
"../../../Engine/Content/VREditor/LaserPointer/VR_LaserPower_01.uasset" 132
"../../../Engine/Content/VREditor/TransformGizmo/TransformGizmoMaterial.uasset" 133
"../../../Engine/Content/VREditor/TransformGizmo/TranslucentTransformGizmoMaterial.uasset" 134
"../../../Engine/Content/VREditor/TransformGizmo/BoundingBoxCorner.uasset" 135
"../../../Engine/Content/VREditor/TransformGizmo/BoundingBoxEdge.uasset" 136
"../../../Engine/Content/VREditor/TransformGizmo/PlaneTranslationHandle.uasset" 137
"../../../Engine/Content/VREditor/TransformGizmo/Main.uasset" 138
"../../../Engine/Content/VREditor/TransformGizmo/Xray.uasset" 139
"../../../Engine/Content/VREditor/TransformGizmo/SM_Sequencer_Key.uasset" 140
"../../../Engine/Content/VREditor/TransformGizmo/SM_Sequencer_Node.uasset" 141
"../../Plugins/2D/Paper2D/Content/PlaceholderTextures/DummySpriteTexture.uasset" 142
"../../Plugins/2D/Paper2D/Content/DummySprite.uasset" 143
"../../Plugins/2D/Paper2D/Content/DefaultPaperTerrainMaterial.uasset" 144
"../../Plugins/2D/Paper2D/Content/DefaultSpriteMaterial.uasset" 145
"../../Plugins/2D/Paper2D/Content/MaskedUnlitSpriteMaterial.uasset" 146
"../../Plugins/2D/Paper2D/Content/OpaqueUnlitSpriteMaterial.uasset" 147
"../../Plugins/Runtime/Oculus/OculusVR/Content/Materials/PokeAHoleMaterial.uasset" 148
"../../Plugins/Runtime/Oculus/OculusVR/Content/Textures/GearVRController_AO.uasset" 149
"../../Plugins/Runtime/Oculus/OculusVR/Content/Textures/GearVRController_Color.uasset" 150
"../../Plugins/Runtime/Oculus/OculusVR/Content/Textures/GearVRController_Normal.uasset" 151
"../../Plugins/Runtime/Oculus/OculusVR/Content/Materials/GearVRControllerMaterial.uasset" 152
"../../Plugins/Runtime/Oculus/OculusVR/Content/Meshes/GearVrController.uasset" 153
"../../Plugins/Runtime/Oculus/OculusVR/Content/Textures/touchController_albedo.uasset" 154
"../../Plugins/Runtime/Oculus/OculusVR/Content/Textures/touchController_controlmap.uasset" 155
"../../Plugins/Runtime/Oculus/OculusVR/Content/Materials/touchController_mat.uasset" 156
"../../Plugins/Runtime/Oculus/OculusVR/Content/Meshes/LeftTouchController.uasset" 157
"../../Plugins/Runtime/Oculus/OculusVR/Content/Meshes/RiftHMD.uasset" 158
"../../Plugins/Runtime/Oculus/OculusVR/Content/Meshes/RightTouchController.uasset" 159
"../../../../../../Github/Pavlov-Maps/Campus/Plugins/CustomMapTools/Content/Materials/M_EditorMesh.uasset" 160
"../../../../../../Github/Pavlov-Maps/Campus/Plugins/CustomMapTools/Content/Meshes/SM_Bomb_Plant_01.uasset" 161
"../../../../../../Github/Pavlov-Maps/Campus/Content/CustomMaps/UGC1774861164/MaterialLibrary/A_Brick.uasset" 162
"../../../../../../Github/Pavlov-Maps/Campus/Content/CustomMaps/UGC1774861164/MaterialLibrary/N_Brick.uasset" 163
"../../../../../../Github/Pavlov-Maps/Campus/Content/CustomMaps/UGC1774861164/MaterialLibrary/M_Triplanar.uasset" 164
"../../../../../../Github/Pavlov-Maps/Campus/Content/CustomMaps/UGC1774861164/MaterialLibrary/A_VolcanicRock.uasset" 165
"../../../../../../Github/Pavlov-Maps/Campus/Content/CustomMaps/UGC1774861164/MaterialLibrary/N_Steel.uasset" 166
"../../../../../../Github/Pavlov-Maps/Campus/Content/CustomMaps/UGC1774861164/MaterialLibrary/MI_Aluminum.uasset" 167
"../../../../../../Github/Pavlov-Maps/Campus/Content/CustomMaps/UGC1774861164/Environment/Props/LF_Cookie.uasset" 168
"../../../../../../Github/Pavlov-Maps/Campus/Content/CustomMaps/UGC1774861164/MaterialLibrary/M_Emissive.uasset" 169
"../../../../../../Github/Pavlov-Maps/Campus/Content/CustomMaps/UGC1774861164/MaterialLibrary/MI_LampLight.uasset" 170
"../../../../../../Github/Pavlov-Maps/Campus/Content/CustomMaps/UGC1774861164/Environment/Props/SM_Lamp.uasset" 171
"../../../../../../Github/Pavlov-Maps/Campus/Content/CustomMaps/UGC1774861164/IES/x-arrow.uasset" 172
"../../../../../../Github/Pavlov-Maps/Campus/Content/CustomMaps/UGC1774861164/Blueprints/BP_CeilingLamp.uasset" 173
"../../../../../../Github/Pavlov-Maps/Campus/Content/CustomMaps/UGC1774861164/Campus_BuiltData.uasset" 174
"../../../Engine/Content/Functions/Engine_MaterialFunctions02/Math/AddComponents.uasset" 175
"../../../Engine/Content/Functions/Engine_MaterialFunctions02/Math/MakeVectorsOrthogonal.uasset" 176
"../../../Engine/Content/Functions/Engine_MaterialFunctions02/Math/TimeWithSpeedVariable.uasset" 177
"../../../Engine/Content/Functions/Engine_MaterialFunctions02/Utility/BreakOutFloat3Components.uasset" 178
"../../../Engine/Content/Functions/Engine_MaterialFunctions02/Math/Transform3x3Matrix.uasset" 179
"../../../Engine/Content/Functions/Engine_MaterialFunctions02/Utility/BlendAngleCorrectedNormals.uasset" 180
"../../../Engine/Content/Functions/Engine_MaterialFunctions02/Utility/LinearSine.uasset" 181
"../../../Engine/Content/EngineMaterials/DefaultNormal.uasset" 182
"../../../Engine/Content/Functions/Engine_MaterialFunctions02/ExampleContent/Textures/LowResBlurredNoise.uasset" 183
"../../../Engine/Content/Functions/Engine_MaterialFunctions02/Texturing/FlowMaps_Simple.uasset" 184
"../../../../../../Github/Pavlov-Maps/Campus/Content/CustomMaps/UGC1774861164/Environment/Skybox/HDR_Evening.uasset" 185
"../../../../../../Github/Pavlov-Maps/Campus/Content/CustomMaps/UGC1774861164/Environment/Skybox/hq9bmllk.uasset" 186
"../../../../../../Github/Pavlov-Maps/Campus/Content/CustomMaps/UGC1774861164/MaterialLibrary/N_Waves.uasset" 187
"../../../../../../Github/Pavlov-Maps/Campus/Content/CustomMaps/UGC1774861164/Environment/Skybox/M_FlowmapSkybox.uasset" 188
"../../../../../../Github/Pavlov-Maps/Campus/Content/CustomMaps/UGC1774861164/Environment/Skybox/MI_FlowmapSkybox.uasset" 189
"../../../../../../Github/Pavlov-Maps/Campus/Content/CustomMaps/UGC1774861164/MaterialLibrary/A_OldBrick.uasset" 190
"../../../../../../Github/Pavlov-Maps/Campus/Content/CustomMaps/UGC1774861164/MaterialLibrary/N_OldBrick.uasset" 191
"../../../../../../Github/Pavlov-Maps/Campus/Content/CustomMaps/UGC1774861164/MaterialLibrary/MI_Brick.uasset" 192
"../../../../../../Github/Pavlov-Maps/Campus/Content/CustomMaps/UGC1774861164/Environment/Landscape/A_Dirt.uasset" 193
"../../../../../../Github/Pavlov-Maps/Campus/Content/CustomMaps/UGC1774861164/MaterialLibrary/N_Concrete.uasset" 194
"../../../../../../Github/Pavlov-Maps/Campus/Content/CustomMaps/UGC1774861164/MaterialLibrary/MI_Dirt.uasset" 195
"../../../../../../Github/Pavlov-Maps/Campus/Content/CustomMaps/UGC1774861164/MaterialLibrary/MI_DirtGrout.uasset" 196
"../../../../../../Github/Pavlov-Maps/Campus/Content/CustomMaps/UGC1774861164/MaterialLibrary/A_GrassTile.uasset" 197
"../../../../../../Github/Pavlov-Maps/Campus/Content/CustomMaps/UGC1774861164/MaterialLibrary/N_GrassTile.uasset" 198
"../../../../../../Github/Pavlov-Maps/Campus/Content/CustomMaps/UGC1774861164/MaterialLibrary/MI_GrassTile.uasset" 199
"../../../../../../Github/Pavlov-Maps/Campus/Content/CustomMaps/UGC1774861164/MaterialLibrary/A_Planks.uasset" 200
"../../../../../../Github/Pavlov-Maps/Campus/Content/CustomMaps/UGC1774861164/MaterialLibrary/N_Planks.uasset" 201
"../../../../../../Github/Pavlov-Maps/Campus/Content/CustomMaps/UGC1774861164/MaterialLibrary/MI_Planks.uasset" 202
"../../../../../../Github/Pavlov-Maps/Campus/Content/CustomMaps/UGC1774861164/Environment/Props/PainterProbs_lambert11_AO.uasset" 203
"../../../../../../Github/Pavlov-Maps/Campus/Content/CustomMaps/UGC1774861164/Environment/Props/PainterProbs_lambert11_BaseColor.uasset" 204
"../../../../../../Github/Pavlov-Maps/Campus/Content/CustomMaps/UGC1774861164/Environment/Props/PainterProbs_lambert11_Metallic.uasset" 205
"../../../../../../Github/Pavlov-Maps/Campus/Content/CustomMaps/UGC1774861164/Environment/Props/PainterProbs_lambert11_Normal.uasset" 206
"../../../../../../Github/Pavlov-Maps/Campus/Content/CustomMaps/UGC1774861164/Environment/Props/PainterProbs_lambert11_Roughness.uasset" 207
"../../../../../../Github/Pavlov-Maps/Campus/Content/CustomMaps/UGC1774861164/MaterialLibrary/M_Opaque.uasset" 208
"../../../../../../Github/Pavlov-Maps/Campus/Content/CustomMaps/UGC1774861164/MaterialLibrary/MI_Props.uasset" 209
"../../../../../../Github/Pavlov-Maps/Campus/Content/CustomMaps/UGC1774861164/MaterialLibrary/A_Roof.uasset" 210
"../../../../../../Github/Pavlov-Maps/Campus/Content/CustomMaps/UGC1774861164/MaterialLibrary/MI_Roof.uasset" 211
"../../../../../../Github/Pavlov-Maps/Campus/Content/CustomMaps/UGC1774861164/MaterialLibrary/A_Steel.uasset" 212
"../../../../../../Github/Pavlov-Maps/Campus/Content/CustomMaps/UGC1774861164/MaterialLibrary/MI_Steel.uasset" 213
"../../../../../../Github/Pavlov-Maps/Campus/Content/CustomMaps/UGC1774861164/MaterialLibrary/A_WhiteBricks.uasset" 214
"../../../../../../Github/Pavlov-Maps/Campus/Content/CustomMaps/UGC1774861164/MaterialLibrary/N_WhiteBricks.uasset" 215
"../../../../../../Github/Pavlov-Maps/Campus/Content/CustomMaps/UGC1774861164/MaterialLibrary/MI_WhiteBricks.uasset" 216
"../../../../../../Github/Pavlov-Maps/Campus/Content/CustomMaps/UGC1774861164/MaterialLibrary/A_Wood.uasset" 217
"../../../../../../Github/Pavlov-Maps/Campus/Content/CustomMaps/UGC1774861164/MaterialLibrary/N_Wood.uasset" 218
"../../../../../../Github/Pavlov-Maps/Campus/Content/CustomMaps/UGC1774861164/MaterialLibrary/MI_Wood.uasset" 219
"../../../../../../Github/Pavlov-Maps/Campus/Content/CustomMaps/UGC1774861164/UI_Thumb.uasset" 220
"../../../../../../Github/Pavlov-Maps/Campus/Content/CustomMaps/UGC1774861164/definition.uasset" 221
"../../../../../../Github/Pavlov-Maps/Campus/Content/CustomMaps/UGC1774861164/Environment/CampusProps/CollegePainter_lambert20_AO.uasset" 222
"../../../../../../Github/Pavlov-Maps/Campus/Content/CustomMaps/UGC1774861164/Environment/CampusProps/CollegePainter_lambert20_BaseColor.uasset" 223
"../../../../../../Github/Pavlov-Maps/Campus/Content/CustomMaps/UGC1774861164/Environment/CampusProps/CollegePainter_lambert20_Metallic.uasset" 224
"../../../../../../Github/Pavlov-Maps/Campus/Content/CustomMaps/UGC1774861164/Environment/CampusProps/CollegePainter_lambert20_Normal.uasset" 225
"../../../../../../Github/Pavlov-Maps/Campus/Content/CustomMaps/UGC1774861164/Environment/CampusProps/CollegePainter_lambert20_Roughness.uasset" 226
"../../../../../../Github/Pavlov-Maps/Campus/Content/CustomMaps/UGC1774861164/Environment/CampusProps/MI_CampusProps.uasset" 227
"../../../../../../Github/Pavlov-Maps/Campus/Content/CustomMaps/UGC1774861164/Environment/CampusProps_pCube21.uasset" 228
"../../../../../../Github/Pavlov-Maps/Campus/Content/CustomMaps/UGC1774861164/Environment/CampusProps_pCube22.uasset" 229
"../../../../../../Github/Pavlov-Maps/Campus/Content/CustomMaps/UGC1774861164/Environment/CampusProps_pPipe4.uasset" 230
"../../../../../../Github/Pavlov-Maps/Campus/Content/CustomMaps/UGC1774861164/Environment/CampusProps_pSphere3.uasset" 231
"../../../../../../Github/Pavlov-Maps/Campus/Content/CustomMaps/UGC1774861164/MaterialLibrary/A_Concrete.uasset" 232
"../../../../../../Github/Pavlov-Maps/Campus/Content/CustomMaps/UGC1774861164/MaterialLibrary/MI_Concrete.uasset" 233
"../../../../../../Github/Pavlov-Maps/Campus/Content/CustomMaps/UGC1774861164/MaterialLibrary/A_RedBrick.uasset" 234
"../../../../../../Github/Pavlov-Maps/Campus/Content/CustomMaps/UGC1774861164/MaterialLibrary/N_RedBrick.uasset" 235
"../../../../../../Github/Pavlov-Maps/Campus/Content/CustomMaps/UGC1774861164/MaterialLibrary/MI_YellowBrick.uasset" 236
"../../../../../../Github/Pavlov-Maps/Campus/Content/CustomMaps/UGC1774861164/Environment/ModularKit/SM_DoorFrame.uasset" 237
"../../../../../../Github/Pavlov-Maps/Campus/Content/CustomMaps/UGC1774861164/Environment/ModularKit/SM_FencePost.uasset" 238
"../../../../../../Github/Pavlov-Maps/Campus/Content/CustomMaps/UGC1774861164/MaterialLibrary/A_Fence.uasset" 239
"../../../../../../Github/Pavlov-Maps/Campus/Content/CustomMaps/UGC1774861164/MaterialLibrary/M_TriplanarCutout.uasset" 240
"../../../../../../Github/Pavlov-Maps/Campus/Content/CustomMaps/UGC1774861164/MaterialLibrary/MI_Fence.uasset" 241
"../../../../../../Github/Pavlov-Maps/Campus/Content/CustomMaps/UGC1774861164/Environment/ModularKit/SM_FenceWall.uasset" 242
"../../../../../../Github/Pavlov-Maps/Campus/Content/CustomMaps/UGC1774861164/MaterialLibrary/A_FloorTile.uasset" 243
"../../../../../../Github/Pavlov-Maps/Campus/Content/CustomMaps/UGC1774861164/MaterialLibrary/N_FloorTile.uasset" 244
"../../../../../../Github/Pavlov-Maps/Campus/Content/CustomMaps/UGC1774861164/MaterialLibrary/MI_FloorTile.uasset" 245
"../../../../../../Github/Pavlov-Maps/Campus/Content/CustomMaps/UGC1774861164/Environment/ModularKit/SM_Floor.uasset" 246
"../../../../../../Github/Pavlov-Maps/Campus/Content/CustomMaps/UGC1774861164/Environment/ModularKit/SM_Ledge.uasset" 247
"../../../../../../Github/Pavlov-Maps/Campus/Content/CustomMaps/UGC1774861164/Environment/ModularKit/SM_Pillar.uasset" 248
"../../../../../../Github/Pavlov-Maps/Campus/Content/CustomMaps/UGC1774861164/Environment/ModularKit/SM_PillarCap.uasset" 249
"../../../../../../Github/Pavlov-Maps/Campus/Content/CustomMaps/UGC1774861164/Environment/ModularKit/SM_Wall.uasset" 250
"../../../../../../Github/Pavlov-Maps/Campus/Content/CustomMaps/UGC1774861164/Environment/ModularKit/SM_WindowPane.uasset" 251
"../../../../../../Github/Pavlov-Maps/Campus/Content/CustomMaps/UGC1774861164/Environment/ModularKit/SM_WindowSill.uasset" 252
"../../../../../../Github/Pavlov-Maps/Campus/Content/CustomMaps/UGC1774861164/Environment/Props/Containers/containerspainter_M_Barrels_AO.uasset" 253
"../../../../../../Github/Pavlov-Maps/Campus/Content/CustomMaps/UGC1774861164/Environment/Props/Containers/containerspainter_M_Barrels_BaseColor.uasset" 254
"../../../../../../Github/Pavlov-Maps/Campus/Content/CustomMaps/UGC1774861164/Environment/Props/Containers/containerspainter_M_Barrels_Metallic.uasset" 255
"../../../../../../Github/Pavlov-Maps/Campus/Content/CustomMaps/UGC1774861164/Environment/Props/Containers/containerspainter_M_Barrels_Normal.uasset" 256
"../../../../../../Github/Pavlov-Maps/Campus/Content/CustomMaps/UGC1774861164/Environment/Props/Containers/containerspainter_M_Barrels_Roughness.uasset" 257
"../../../../../../Github/Pavlov-Maps/Campus/Content/CustomMaps/UGC1774861164/MaterialLibrary/MI_Containers.uasset" 258
"../../../../../../Github/Pavlov-Maps/Campus/Content/CustomMaps/UGC1774861164/Environment/Props/SM_Barrel1.uasset" 259
"../../../../../../Github/Pavlov-Maps/Campus/Content/CustomMaps/UGC1774861164/Environment/Props/SM_Brick1.uasset" 260
"../../../../../../Github/Pavlov-Maps/Campus/Content/CustomMaps/UGC1774861164/Environment/Props/SM_Brick2.uasset" 261
"../../../../../../Github/Pavlov-Maps/Campus/Content/CustomMaps/UGC1774861164/Environment/Props/SM_Brick3.uasset" 262
"../../../../../../Github/Pavlov-Maps/Campus/Content/CustomMaps/UGC1774861164/Environment/Props/SM_Brick4.uasset" 263
"../../../../../../Github/Pavlov-Maps/Campus/Content/CustomMaps/UGC1774861164/Environment/Props/SM_Crate.uasset" 264
"../../../../../../Github/Pavlov-Maps/Campus/Content/CustomMaps/UGC1774861164/Environment/Props/SM_LargeCrate.uasset" 265
"../../../../../../Github/Pavlov-Maps/Campus/Content/CustomMaps/UGC1774861164/Environment/Props/SM_Pipe.uasset" 266
"../../../../../../Github/Pavlov-Maps/Campus/Content/CustomMaps/UGC1774861164/Environment/Props/SM_Plank.uasset" 267
"../../../../../../Github/Pavlov-Maps/Campus/Content/CustomMaps/UGC1774861164/Environment/Props/SM_Pot.uasset" 268
"../../../../../../Github/Pavlov-Maps/Campus/Content/CustomMaps/UGC1774861164/Environment/Props/SM_Radiator.uasset" 269
"../../../../../../Github/Pavlov-Maps/Campus/Content/CustomMaps/UGC1774861164/Environment/Props/SM_Tire.uasset" 270
"../../../../../../Github/Pavlov-Maps/Campus/Content/CustomMaps/UGC1774861164/Environment/Props/SM_WallTie.uasset" 271
"../../../../../../Github/Pavlov-Maps/Campus/Content/CustomMaps/UGC1774861164/Environment/Skybox/SM_Skybox.uasset" 272
"../../../../../../Github/Pavlov-Maps/Campus/Content/CustomMaps/UGC1774861164/Environment/SM_GardenBricks.uasset" 273
"../../../../../../Github/Pavlov-Maps/Campus/Content/CustomMaps/UGC1774861164/MaterialLibrary/A_Grass.uasset" 274
"../../../../../../Github/Pavlov-Maps/Campus/Content/CustomMaps/UGC1774861164/MaterialLibrary/M_Foliage.uasset" 275
"../../../../../../Github/Pavlov-Maps/Campus/Content/CustomMaps/UGC1774861164/MaterialLibrary/A_Grass2.uasset" 276
"../../../../../../Github/Pavlov-Maps/Campus/Content/CustomMaps/UGC1774861164/MaterialLibrary/MI_Grass2.uasset" 277
"../../../../../../Github/Pavlov-Maps/Campus/Content/CustomMaps/UGC1774861164/Environment/SM_Grass2.uasset" 278
"../../../../../../Github/Pavlov-Maps/Campus/Content/CustomMaps/UGC1774861164/MaterialLibrary/A_Lilacs.uasset" 279
"../../../../../../Github/Pavlov-Maps/Campus/Content/CustomMaps/UGC1774861164/MaterialLibrary/MI_Lilac.uasset" 280
"../../../../../../Github/Pavlov-Maps/Campus/Content/CustomMaps/UGC1774861164/Environment/SM_Grass3.uasset" 281
"../../../../../../Github/Pavlov-Maps/Campus/Content/CustomMaps/UGC1774861164/MaterialLibrary/MI_Grass.uasset" 282
"../../../../../../Github/Pavlov-Maps/Campus/Content/CustomMaps/UGC1774861164/Environment/SM_GrassTIle.uasset" 283
"../../../../../../Github/Pavlov-Maps/Campus/Content/CustomMaps/UGC1774861164/MaterialLibrary/E_MOon.uasset" 284
"../../../../../../Github/Pavlov-Maps/Campus/Content/CustomMaps/UGC1774861164/MaterialLibrary/M_Moon.uasset" 285
"../../../../../../Github/Pavlov-Maps/Campus/Content/CustomMaps/UGC1774861164/Environment/SM_RadioLine.uasset" 286
"../../../../../../Github/Pavlov-Maps/Campus/Content/CustomMaps/UGC1774861164/Environment/Landscape/N_Cliff.uasset" 287
"../../../../../../Github/Pavlov-Maps/Campus/Content/CustomMaps/UGC1774861164/MaterialLibrary/MI_CliffRock.uasset" 288
"../../../../../../Github/Pavlov-Maps/Campus/Content/CustomMaps/UGC1774861164/Environment/SM_Rocks_SM_LargeRock.uasset" 289
"../../../../../../Github/Pavlov-Maps/Campus/Content/CustomMaps/UGC1774861164/Environment/SM_Rocks_SM_MedRock.uasset" 290
"../../../../../../Github/Pavlov-Maps/Campus/Content/CustomMaps/UGC1774861164/Environment/SM_Rocks_SM_SmallRock.uasset" 291
"../../../../../../Github/Pavlov-Maps/Campus/Content/CustomMaps/UGC1774861164/Environment/SM_RoofCorner.uasset" 292
"../../../../../../Github/Pavlov-Maps/Campus/Content/CustomMaps/UGC1774861164/Environment/Tree/diffuse.uasset" 293
"../../../../../../Github/Pavlov-Maps/Campus/Content/CustomMaps/UGC1774861164/Environment/Tree/MI_TreeBark.uasset" 294
"../../../../../../Github/Pavlov-Maps/Campus/Content/CustomMaps/UGC1774861164/Environment/Tree/MI_TreeLeaves.uasset" 295
"../../../../../../Github/Pavlov-Maps/Campus/Content/CustomMaps/UGC1774861164/Environment/Tree/OptimizedTree.uasset" 296
"../../../../../../Github/Pavlov-Maps/Campus/Content/CustomMaps/UGC1774861164/Campus.umap" 297
"../../../Engine/Content/Maps/Entry_BuiltData.uasset" 298
"../../../Engine/Content/Maps/Entry.umap" 299
"../../../Engine/Content/EditorBlueprintResources/StandardMacros.uasset" 300
"../../../Engine/Content/EngineSky/C_Sky_Cloud_Color.uasset" 301
"../../../Engine/Content/EngineSky/C_Sky_Horizon_Color.uasset" 302
"../../../Engine/Content/EngineSky/C_Sky_Zenith_Color.uasset" 303
"../../../Engine/Content/EngineSky/T_Sky_Blue.uasset" 304
"../../../Engine/Content/EngineSky/T_Sky_Clouds_M.uasset" 305
"../../../Engine/Content/EngineSky/T_Sky_Stars.uasset" 306
"../../../Engine/Content/EngineSky/M_Sky_Panning_Clouds2.uasset" 307
"../../../Engine/Content/EngineSky/SM_SkySphere.uasset" 308
"../../../Engine/Content/EngineSky/BP_Sky_Sphere.uasset" 309
"../../../Engine/Content/Maps/Templates/Template_Default_BuiltData.uasset" 310
"../../../Engine/Content/MapTemplates/SM_Template_Map_Floor.uasset" 311
"../../../Engine/Content/Maps/Templates/Template_Default.umap" 312
