"../../../Engine/Content/Functions/Engine_MaterialFunctions01/Opacity/CameraDepthFade.uasset" 0
"../../../Engine/Content/EngineMaterials/T_Default_Material_Grid_M.uasset" 1
"../../../Engine/Content/EngineMaterials/T_Default_Material_Grid_N.uasset" 2
"../../../Engine/Content/EngineMaterials/WorldGridMaterial.uasset" 3
"../../../Engine/Content/ArtTools/RenderToTexture/Meshes/S_1_Unit_Plane.uasset" 4
"../../../Engine/Content/EngineMaterials/DefaultMaterial.uasset" 5
"../../../Engine/Content/BasicShapes/Cone.uasset" 6
"../../../Engine/Content/BasicShapes/Cube.uasset" 7
"../../../Engine/Content/BasicShapes/Cylinder.uasset" 8
"../../../Engine/Content/BasicShapes/Plane.uasset" 9
"../../../Engine/Content/BasicShapes/Sphere.uasset" 10
"../../../Engine/Content/EditorLandscapeResources/DataLayer.uasset" 11
"../../../Engine/Content/EditorMaterials/GizmoMaterial.uasset" 12
"../../../Engine/Content/EditorMaterials/MAT_Groups_Toggle.uasset" 13
"../../../Engine/Content/EditorMaterials/MAT_Groups_Visibility.uasset" 14
"../../../Engine/Content/EditorMaterials/PreviewShadowIndicator.uasset" 15
"../../../Engine/Content/EditorMaterials/PreviewShadowIndicatorMaterial.uasset" 16
"../../../Engine/Content/EditorMaterials/MatineeGroups/MAT_ColorTrack.uasset" 17
"../../../Engine/Content/EditorMaterials/MatineeGroups/MAT_Groups_Anim.uasset" 18
"../../../Engine/Content/EditorMaterials/MatineeGroups/MAT_Groups_AudioMaster.uasset" 19
"../../../Engine/Content/EditorMaterials/MatineeGroups/MAT_Groups_Director.uasset" 20
"../../../Engine/Content/EditorMaterials/MatineeGroups/MAT_Groups_Event.uasset" 21
"../../../Engine/Content/EditorMaterials/MatineeGroups/MAT_Groups_Fade.uasset" 22
"../../../Engine/Content/EditorMaterials/MatineeGroups/MAT_Groups_Float.uasset" 23
"../../../Engine/Content/EditorMaterials/MatineeGroups/MAT_Groups_Move.uasset" 24
"../../../Engine/Content/EditorMaterials/MatineeGroups/MAT_Groups_Slomo.uasset" 25
"../../../Engine/Content/EditorMaterials/MatineeGroups/MAT_Groups_Sound.uasset" 26
"../../../Engine/Content/EditorMaterials/MatineeGroups/MAT_Groups_Vector.uasset" 27
"../../../Engine/Content/EditorMaterials/ParticleSystems/PSysThumbnail_NoImage.uasset" 28
"../../../Engine/Content/EditorMaterials/ParticleSystems/PSysThumbnail_OOD.uasset" 29
"../../../Engine/Content/EditorMaterials/Camera/CineMat.uasset" 30
"../../../Engine/Content/EditorMaterials/Camera/MI_CineMat_Rig.uasset" 31
"../../../Engine/Content/EditorMeshes/Camera/SM_CraneRig_Arm.uasset" 32
"../../../Engine/Content/EditorMeshes/Camera/SM_CraneRig_Base.uasset" 33
"../../../Engine/Content/EditorMeshes/Camera/SM_CraneRig_Body.uasset" 34
"../../../Engine/Content/EditorMeshes/Camera/SM_CraneRig_Mount.uasset" 35
"../../../Engine/Content/EditorMeshes/Camera/SM_RailRig_Mount.uasset" 36
"../../../Engine/Content/EditorMeshes/Camera/SM_RailRig_Track.uasset" 37
"../../../Engine/Content/EditorResources/BSPVertex.uasset" 38
"../../../Engine/Content/EditorResources/EmptyActor.uasset" 39
"../../../Engine/Content/EditorResources/S_Actor.uasset" 40
"../../../Engine/Content/EditorResources/S_Trigger.uasset" 41
"../../../Engine/Content/EditorResources/LightIcons/S_LightError.uasset" 42
"../../../Engine/Content/EditorResources/SequenceRecorder/Countdown.uasset" 43
"../../../Engine/Content/EditorResources/SequenceRecorder/RecordingIndicator.uasset" 44
"../../../Engine/Content/EditorSounds/Notifications/CompileFailed.uasset" 45
"../../../Engine/Content/EditorSounds/Notifications/CompileFailed_Cue.uasset" 46
"../../../Engine/Content/EditorSounds/Notifications/CompileSuccess.uasset" 47
"../../../Engine/Content/EditorSounds/Notifications/CompileStart_Cue.uasset" 48
"../../../Engine/Content/EditorSounds/Notifications/CompileSuccess_Cue.uasset" 49
"../../../Engine/Content/EngineDamageTypes/DmgTypeBP_Environmental.uasset" 50
"../../../Engine/Content/EngineDebugMaterials/HeatmapGradient.uasset" 51
"../../../Engine/Content/EngineDebugMaterials/BoneWeightMaterial.uasset" 52
"../../../Engine/Content/EngineDebugMaterials/ClothMaterial.uasset" 53
"../../../Engine/Content/EngineDebugMaterials/ClothMaterial_WF.uasset" 54
"../../../Engine/Content/EngineDebugMaterials/DebugEditorMaterial.uasset" 55
"../../../Engine/Content/EngineDebugMaterials/DebugMeshMaterial.uasset" 56
"../../../Engine/Content/EngineDebugMaterials/GeomMaterial.uasset" 57
"../../../Engine/Content/EngineDebugMaterials/M_SimpleTranslucent.uasset" 58
"../../../Engine/Content/EngineFonts/Faces/RobotoBold.uasset" 59
"../../../Engine/Content/EngineFonts/Faces/RobotoBoldItalic.uasset" 60
"../../../Engine/Content/EngineFonts/Faces/RobotoItalic.uasset" 61
"../../../Engine/Content/EngineFonts/Faces/RobotoLight.uasset" 62
"../../../Engine/Content/EngineFonts/Faces/RobotoRegular.uasset" 63
"../../../Engine/Content/EngineFonts/Faces/RobotoTiny.uasset" 64
"../../../Engine/Content/EngineMaterials/BaseFlattenDiffuseMap.uasset" 65
"../../../Engine/Content/EngineMaterials/BaseFlattenEmissiveMap.uasset" 66
"../../../Engine/Content/EngineMaterials/BaseFlattenGrayscaleMap.uasset" 67
"../../../Engine/Content/EngineMaterials/BaseFlattenNormalMap.uasset" 68
"../../../Engine/Content/EngineMaterials/BaseFlattenMaterial.uasset" 69
"../../../Engine/Content/EngineMaterials/DefaultBloomKernel.uasset" 70
"../../../Engine/Content/EngineMaterials/DefaultBokeh.uasset" 71
"../../../Engine/Content/EngineMaterials/DefaultDiffuse.uasset" 72
"../../../Engine/Content/EngineMaterials/DefaultDeferredDecalMaterial.uasset" 73
"../../../Engine/Content/EngineMaterials/DefaultLightFunctionMaterial.uasset" 74
"../../../Engine/Content/Functions/Engine_MaterialFunctions02/Utility/BreakOutFloat2Components.uasset" 75
"../../../Engine/Content/EngineMaterials/DefaultPostProcessMaterial.uasset" 76
"../../../Engine/Content/EngineMaterials/DefaultTextMaterialOpaque.uasset" 77
"../../../Engine/Content/EngineMaterials/DefaultWhiteGrid.uasset" 78
"../../../Engine/Content/EngineMaterials/EditorBrushMaterial.uasset" 79
"../../../Engine/Content/EngineMaterials/Good64x64TilingNoiseHighFreq.uasset" 80
"../../../Engine/Content/EngineMaterials/MiniFont.uasset" 81
"../../../Engine/Content/EngineMaterials/InvalidLightmapSettings.uasset" 82
"../../../Engine/Content/EngineMaterials/M_InvalidLightmapSettings.uasset" 83
"../../../Engine/Content/Functions/Engine_MaterialFunctions02/WorldPositionOffset/CameraOffset.uasset" 84
"../../../Engine/Content/EngineMaterials/PhAT_JointLimitMaterial.uasset" 85
"../../../Engine/Content/EngineMaterials/PreintegratedSkinBRDF.uasset" 86
"../../../Engine/Content/EngineMaterials/RemoveSurfaceMaterial.uasset" 87
"../../../Engine/Content/EngineMaterials/WeightMapPlaceholderTexture.uasset" 88
"../../../Engine/Content/EngineResources/WhiteSquareTexture.uasset" 89
"../../../Engine/Content/EngineMaterials/Widget3DPassThrough.uasset" 90
"../../../Engine/Content/EngineMaterials/Widget3DPassThrough_Masked.uasset" 91
"../../../Engine/Content/EngineMaterials/Widget3DPassThrough_Opaque.uasset" 92
"../../../Engine/Content/EngineMaterials/Widget3DPassThrough_Masked_OneSided.uasset" 93
"../../../Engine/Content/EngineMaterials/Widget3DPassThrough_Opaque_OneSided.uasset" 94
"../../../Engine/Content/EngineMaterials/Widget3DPassThrough_Translucent.uasset" 95
"../../../Engine/Content/EngineMaterials/Widget3DPassThrough_Translucent_OneSided.uasset" 96
"../../../Engine/Content/EngineMeshes/Cylinder.uasset" 97
"../../../Engine/Content/EngineMeshes/Sphere.uasset" 98
"../../../Engine/Content/EngineResources/Black.uasset" 99
"../../../Engine/Content/EngineResources/DefaultTexture.uasset" 100
"../../../Engine/Content/EngineResources/DefaultTextureCube.uasset" 101
"../../../Engine/Content/EngineResources/DefaultVolumeTexture2D.uasset" 102
"../../../Engine/Content/EngineResources/DefaultVolumeTexture.uasset" 103
"../../../Engine/Content/EngineResources/GradientTexture0.uasset" 104
"../../../Engine/Content/EngineSounds/Master.uasset" 105
"../../../Engine/Content/Functions/Engine_MaterialFunctions01/Shading/ConvertFromDiffSpec.uasset" 106
"../../../Engine/Content/Functions/Engine_MaterialFunctions01/Shading/PowerToRoughness.uasset" 107
"../../../Engine/Content/Maps/Templates/Thumbnails/Default.uasset" 108
"../../../Engine/Content/Maps/Templates/Thumbnails/VR-Basic.uasset" 109
"../../../Engine/Content/MobileResources/T_MobileControls_texture.uasset" 110
"../../../Engine/Content/MobileResources/T_MobileMenu2.uasset" 111
"../../../Engine/Content/MobileResources/HUD/AnalogHat.uasset" 112
"../../../Engine/Content/MobileResources/HUD/VirtualJoystick_Background.uasset" 113
"../../../Engine/Content/MobileResources/HUD/VirtualJoystick_Thumb.uasset" 114
"../../../Engine/Content/MobileResources/HUD/DefaultVirtualJoysticks.uasset" 115
"../../../Engine/Content/MobileResources/HUD/LeftVirtualJoystickOnly.uasset" 116
"../../../Engine/Content/MobileResources/HUD/MobileHUDButton1_off.uasset" 117
"../../../Engine/Content/MobileResources/HUD/MobileHUDButton1_on.uasset" 118
"../../../Engine/Content/MobileResources/HUD/MobileHUDButton2_off.uasset" 119
"../../../Engine/Content/MobileResources/HUD/MobileHUDButton2_on.uasset" 120
"../../../Engine/Content/MobileResources/HUD/MobileHUDButton3.uasset" 121
"../../../Engine/Content/MobileResources/HUD/MobileHUDButtonFire.uasset" 122
"../../../Engine/Content/MobileResources/HUD/MobileHUDDirectionPad.uasset" 123
"../../../Engine/Content/MobileResources/HUD/MobileHUDDirectionPad2.uasset" 124
"../../../Engine/Content/MobileResources/HUD/MobileHUDDirectionPad3.uasset" 125
"../../../Engine/Content/MobileResources/HUD/MobileHUDDirectionStick.uasset" 126
"../../../Engine/Content/MobileResources/HUD/T_Castle_ThumbstickInner.uasset" 127
"../../../Engine/Content/MobileResources/HUD/T_Castle_ThumbstickOutter.uasset" 128
"../../../Engine/Content/Tutorial/ContentIntroCurve.uasset" 129
"../../../Engine/Content/VREditor/LaserPointer/VR_LaserPower_01.uasset" 130
"../../../Engine/Content/VREditor/TransformGizmo/TransformGizmoMaterial.uasset" 131
"../../../Engine/Content/VREditor/TransformGizmo/TranslucentTransformGizmoMaterial.uasset" 132
"../../../Engine/Content/VREditor/TransformGizmo/BoundingBoxCorner.uasset" 133
"../../../Engine/Content/VREditor/TransformGizmo/BoundingBoxEdge.uasset" 134
"../../../Engine/Content/VREditor/TransformGizmo/PlaneTranslationHandle.uasset" 135
"../../../Engine/Content/VREditor/TransformGizmo/Main.uasset" 136
"../../../Engine/Content/VREditor/TransformGizmo/Xray.uasset" 137
"../../../Engine/Content/VREditor/TransformGizmo/SM_Sequencer_Key.uasset" 138
"../../../Engine/Content/VREditor/TransformGizmo/SM_Sequencer_Node.uasset" 139
"../../Plugins/2D/Paper2D/Content/PlaceholderTextures/DummySpriteTexture.uasset" 140
"../../Plugins/2D/Paper2D/Content/DummySprite.uasset" 141
"../../Plugins/2D/Paper2D/Content/DefaultPaperTerrainMaterial.uasset" 142
"../../Plugins/2D/Paper2D/Content/DefaultSpriteMaterial.uasset" 143
"../../Plugins/2D/Paper2D/Content/MaskedUnlitSpriteMaterial.uasset" 144
"../../Plugins/2D/Paper2D/Content/OpaqueUnlitSpriteMaterial.uasset" 145
"../../Plugins/Runtime/Oculus/OculusVR/Content/Materials/PokeAHoleMaterial.uasset" 146
"../../Plugins/Runtime/Oculus/OculusVR/Content/Textures/GearVRController_AO.uasset" 147
"../../Plugins/Runtime/Oculus/OculusVR/Content/Textures/GearVRController_Color.uasset" 148
"../../Plugins/Runtime/Oculus/OculusVR/Content/Textures/GearVRController_Normal.uasset" 149
"../../Plugins/Runtime/Oculus/OculusVR/Content/Materials/GearVRControllerMaterial.uasset" 150
"../../Plugins/Runtime/Oculus/OculusVR/Content/Meshes/GearVrController.uasset" 151
"../../Plugins/Runtime/Oculus/OculusVR/Content/Textures/touchController_albedo.uasset" 152
"../../Plugins/Runtime/Oculus/OculusVR/Content/Textures/touchController_controlmap.uasset" 153
"../../Plugins/Runtime/Oculus/OculusVR/Content/Materials/touchController_mat.uasset" 154
"../../Plugins/Runtime/Oculus/OculusVR/Content/Meshes/LeftTouchController.uasset" 155
"../../Plugins/Runtime/Oculus/OculusVR/Content/Meshes/RiftHMD.uasset" 156
"../../Plugins/Runtime/Oculus/OculusVR/Content/Meshes/RightTouchController.uasset" 157
"../../../../../../Github/Pavlov-Maps/End of Days/Plugins/CustomMapTools/Content/Materials/M_EditorMesh.uasset" 158
"../../../../../../Github/Pavlov-Maps/End of Days/Plugins/CustomMapTools/Content/Meshes/SM_Bomb_Plant_01.uasset" 159
"../../../Engine/Content/EditorBlueprintResources/StandardMacros.uasset" 160
"../../../Engine/Content/EngineSky/C_Sky_Cloud_Color.uasset" 161
"../../../Engine/Content/EngineSky/C_Sky_Horizon_Color.uasset" 162
"../../../Engine/Content/EngineSky/C_Sky_Zenith_Color.uasset" 163
"../../../Engine/Content/EngineSky/T_Sky_Blue.uasset" 164
"../../../Engine/Content/EngineSky/T_Sky_Clouds_M.uasset" 165
"../../../Engine/Content/EngineSky/T_Sky_Stars.uasset" 166
"../../../Engine/Content/EngineSky/M_Sky_Panning_Clouds2.uasset" 167
"../../../Engine/Content/EngineSky/SM_SkySphere.uasset" 168
"../../../Engine/Content/EngineSky/BP_Sky_Sphere.uasset" 169
"../../../../../../Github/Pavlov-Maps/End of Days/Content/CustomMaps/UGC1770152981/Environment/ModularKit/SM_FencePost.uasset" 170
"../../../../../../Github/Pavlov-Maps/End of Days/Content/CustomMaps/UGC1770152981/Environment/Props/SM_Lamp.uasset" 171
"../../../../../../Github/Pavlov-Maps/End of Days/Content/CustomMaps/UGC1770152981/IES/x-arrow.uasset" 172
"../../../../../../Github/Pavlov-Maps/End of Days/Content/CustomMaps/UGC1770152981/Maps/BP_LampLight.uasset" 173
"../../../../../../Github/Pavlov-Maps/End of Days/Content/CustomMaps/UGC1770152981/EndOfDays_sharedassets/Cliff_LayerInfo.uasset" 174
"../../../../../../Github/Pavlov-Maps/End of Days/Content/CustomMaps/UGC1770152981/EndOfDays_sharedassets/Dirt_LayerInfo.uasset" 175
"../../../../../../Github/Pavlov-Maps/End of Days/Content/CustomMaps/UGC1770152981/EndOfDays_sharedassets/Sand_LayerInfo.uasset" 176
"../../../../../../Github/Pavlov-Maps/End of Days/Content/CustomMaps/UGC1770152981/Maps/EndOfDays_BuiltData.uasset" 177
"../../../Engine/Content/Functions/Engine_MaterialFunctions01/Gradient/LinearGradient.uasset" 178
"../../../Engine/Content/Functions/Engine_MaterialFunctions01/ImageAdjustment/CheapContrast.uasset" 179
"../../../../../../Github/Pavlov-Maps/End of Days/Content/CustomMaps/UGC1770152981/Environment/Landscape/A_Cliff.uasset" 180
"../../../../../../Github/Pavlov-Maps/End of Days/Content/CustomMaps/UGC1770152981/Environment/Landscape/A_Dirt.uasset" 181
"../../../../../../Github/Pavlov-Maps/End of Days/Content/CustomMaps/UGC1770152981/Environment/Landscape/A_Sand.uasset" 182
"../../../../../../Github/Pavlov-Maps/End of Days/Content/CustomMaps/UGC1770152981/Environment/Landscape/N_Cliff.uasset" 183
"../../../../../../Github/Pavlov-Maps/End of Days/Content/CustomMaps/UGC1770152981/Environment/Landscape/N_Dirt.uasset" 184
"../../../../../../Github/Pavlov-Maps/End of Days/Content/CustomMaps/UGC1770152981/Environment/Landscape/N_Sand.uasset" 185
"../../../../../../Github/Pavlov-Maps/End of Days/Content/CustomMaps/UGC1770152981/Environment/Landscape/M_Landscape.uasset" 186
"../../../../../../Github/Pavlov-Maps/End of Days/Content/CustomMaps/UGC1770152981/Environment/Landscape/MI_Landscape.uasset" 187
"../../../Engine/Content/EngineMaterials/DefaultPhysicalMaterial.uasset" 188
"../../../../../../Github/Pavlov-Maps/End of Days/Content/CustomMaps/UGC1770152981/Maps/Thumb.uasset" 189
"../../../../../../Github/Pavlov-Maps/End of Days/Content/CustomMaps/UGC1770152981/definition.uasset" 190
"../../../../../../Github/Pavlov-Maps/End of Days/Content/CustomMaps/UGC1770152981/Environment/ModularKit/SM_DoorFrame.uasset" 191
"../../../../../../Github/Pavlov-Maps/End of Days/Content/CustomMaps/UGC1770152981/Environment/ModularKit/SM_Floor.uasset" 192
"../../../../../../Github/Pavlov-Maps/End of Days/Content/CustomMaps/UGC1770152981/Environment/ModularKit/SM_Ledge.uasset" 193
"../../../../../../Github/Pavlov-Maps/End of Days/Content/CustomMaps/UGC1770152981/Environment/ModularKit/SM_Pillar.uasset" 194
"../../../../../../Github/Pavlov-Maps/End of Days/Content/CustomMaps/UGC1770152981/Environment/ModularKit/SM_PillarCap.uasset" 195
"../../../../../../Github/Pavlov-Maps/End of Days/Content/CustomMaps/UGC1770152981/Environment/ModularKit/SM_Wall.uasset" 196
"../../../../../../Github/Pavlov-Maps/End of Days/Content/CustomMaps/UGC1770152981/Environment/ModularKit/SM_WindowPane.uasset" 197
"../../../../../../Github/Pavlov-Maps/End of Days/Content/CustomMaps/UGC1770152981/Environment/ModularKit/SM_WindowSill.uasset" 198
"../../../../../../Github/Pavlov-Maps/End of Days/Content/CustomMaps/UGC1770152981/Environment/Props/SM_Barrel1.uasset" 199
"../../../../../../Github/Pavlov-Maps/End of Days/Content/CustomMaps/UGC1770152981/Environment/Props/SM_Barrel2.uasset" 200
"../../../../../../Github/Pavlov-Maps/End of Days/Content/CustomMaps/UGC1770152981/Environment/Props/SM_Brick1.uasset" 201
"../../../../../../Github/Pavlov-Maps/End of Days/Content/CustomMaps/UGC1770152981/Environment/Props/SM_Brick2.uasset" 202
"../../../../../../Github/Pavlov-Maps/End of Days/Content/CustomMaps/UGC1770152981/Environment/Props/SM_Brick3.uasset" 203
"../../../../../../Github/Pavlov-Maps/End of Days/Content/CustomMaps/UGC1770152981/Environment/Props/SM_Crate.uasset" 204
"../../../../../../Github/Pavlov-Maps/End of Days/Content/CustomMaps/UGC1770152981/Environment/Props/SM_LargeCrate.uasset" 205
"../../../../../../Github/Pavlov-Maps/End of Days/Content/CustomMaps/UGC1770152981/Environment/Props/SM_Plank.uasset" 206
"../../../../../../Github/Pavlov-Maps/End of Days/Content/CustomMaps/UGC1770152981/Environment/Props/SM_Tire.uasset" 207
"../../../../../../Github/Pavlov-Maps/End of Days/Content/CustomMaps/UGC1770152981/MaterialLibrary/E_MOon.uasset" 208
"../../../../../../Github/Pavlov-Maps/End of Days/Content/CustomMaps/UGC1770152981/MaterialLibrary/M_Moon.uasset" 209
"../../../../../../Github/Pavlov-Maps/End of Days/Content/CustomMaps/UGC1770152981/MaterialLibrary/A_Brick.uasset" 210
"../../../../../../Github/Pavlov-Maps/End of Days/Content/CustomMaps/UGC1770152981/MaterialLibrary/N_Brick.uasset" 211
"../../../../../../Github/Pavlov-Maps/End of Days/Content/CustomMaps/UGC1770152981/MaterialLibrary/M_Triplanar.uasset" 212
"../../../../../../Github/Pavlov-Maps/End of Days/Content/CustomMaps/UGC1770152981/MaterialLibrary/A_VolcanicRock.uasset" 213
"../../../../../../Github/Pavlov-Maps/End of Days/Content/CustomMaps/UGC1770152981/MaterialLibrary/N_Steel.uasset" 214
"../../../../../../Github/Pavlov-Maps/End of Days/Content/CustomMaps/UGC1770152981/MaterialLibrary/MI_Aluminum.uasset" 215
"../../../../../../Github/Pavlov-Maps/End of Days/Content/CustomMaps/UGC1770152981/MaterialLibrary/A_Concrete.uasset" 216
"../../../../../../Github/Pavlov-Maps/End of Days/Content/CustomMaps/UGC1770152981/MaterialLibrary/N_Concrete.uasset" 217
"../../../../../../Github/Pavlov-Maps/End of Days/Content/CustomMaps/UGC1770152981/MaterialLibrary/MI_Concrete.uasset" 218
"../../../../../../Github/Pavlov-Maps/End of Days/Content/CustomMaps/UGC1770152981/MaterialLibrary/A_Steel.uasset" 219
"../../../../../../Github/Pavlov-Maps/End of Days/Content/CustomMaps/UGC1770152981/MaterialLibrary/MI_Steel.uasset" 220
"../../../../../../Github/Pavlov-Maps/End of Days/Content/CustomMaps/UGC1770152981/Environment/SM_DestroyedRadioLine.uasset" 221
"../../../../../../Github/Pavlov-Maps/End of Days/Content/CustomMaps/UGC1770152981/MaterialLibrary/A_Grass.uasset" 222
"../../../../../../Github/Pavlov-Maps/End of Days/Content/CustomMaps/UGC1770152981/MaterialLibrary/M_Foliage.uasset" 223
"../../../../../../Github/Pavlov-Maps/End of Days/Content/CustomMaps/UGC1770152981/MaterialLibrary/A_Grass2.uasset" 224
"../../../../../../Github/Pavlov-Maps/End of Days/Content/CustomMaps/UGC1770152981/MaterialLibrary/MI_Grass2.uasset" 225
"../../../../../../Github/Pavlov-Maps/End of Days/Content/CustomMaps/UGC1770152981/Environment/SM_Grass2.uasset" 226
"../../../../../../Github/Pavlov-Maps/End of Days/Content/CustomMaps/UGC1770152981/MaterialLibrary/MI_Grass.uasset" 227
"../../../../../../Github/Pavlov-Maps/End of Days/Content/CustomMaps/UGC1770152981/Environment/SM_GrassTIle.uasset" 228
"../../../../../../Github/Pavlov-Maps/End of Days/Content/CustomMaps/UGC1770152981/MaterialLibrary/E_Gradient.uasset" 229
"../../../../../../Github/Pavlov-Maps/End of Days/Content/CustomMaps/UGC1770152981/MaterialLibrary/M_Volumetrics.uasset" 230
"../../../../../../Github/Pavlov-Maps/End of Days/Content/CustomMaps/UGC1770152981/MaterialLibrary/MI_CastLight.uasset" 231
"../../../../../../Github/Pavlov-Maps/End of Days/Content/CustomMaps/UGC1770152981/Environment/SM_LightShaft.uasset" 232
"../../../../../../Github/Pavlov-Maps/End of Days/Content/CustomMaps/UGC1770152981/Environment/SM_RadioLine.uasset" 233
"../../../../../../Github/Pavlov-Maps/End of Days/Content/CustomMaps/UGC1770152981/MaterialLibrary/MI_CliffRock.uasset" 234
"../../../../../../Github/Pavlov-Maps/End of Days/Content/CustomMaps/UGC1770152981/Environment/SM_Rocks_SM_LargeRock.uasset" 235
"../../../../../../Github/Pavlov-Maps/End of Days/Content/CustomMaps/UGC1770152981/Environment/SM_Rocks_SM_MedRock.uasset" 236
"../../../../../../Github/Pavlov-Maps/End of Days/Content/CustomMaps/UGC1770152981/Environment/SM_Rocks_SM_SmallRock.uasset" 237
"../../../../../../Github/Pavlov-Maps/End of Days/Content/CustomMaps/UGC1770152981/Maps/EndOfDays.umap" 238
"../../../Engine/Content/Maps/Entry_BuiltData.uasset" 239
"../../../Engine/Content/Maps/Entry.umap" 240
"../../../Engine/Content/Maps/Templates/Template_Default_BuiltData.uasset" 241
"../../../Engine/Content/MapTemplates/SM_Template_Map_Floor.uasset" 242
"../../../Engine/Content/Maps/Templates/Template_Default.umap" 243
